\BOOKMARK [0][-]{chapter*.2}{\376\377\004\022\004\062\004\065\004\064\004\065\004\075\004\070\004\065}{}% 1
\BOOKMARK [0][-]{chapter.1}{\376\377\004\034\004\065\004\102\004\076\004\064\004\113\000\040\004\070\000\040\004\074\004\060\004\102\004\065\004\100\004\070\004\060\004\073\004\113}{}% 2
\BOOKMARK [1][-]{section.1.1}{\376\377\000N\000S\000-\0002}{chapter.1}% 3
\BOOKMARK [1][-]{section.1.2}{\376\377\000M\000i\000n\000i\000n\000e\000t}{chapter.1}% 4
\BOOKMARK [2][-]{subsection.1.2.1}{\376\377\000I\000p\000e\000r\000f\0003}{section.1.2}% 5
\BOOKMARK [2][-]{subsection.1.2.2}{\376\377\000N\000e\000t\000e\000m}{section.1.2}% 6
\BOOKMARK [1][-]{section.1.3}{\376\377\000C\000i\000s\000c\000o\000\040\000P\000a\000c\000k\000e\000t\000\040\000T\000r\000a\000c\000e\000r}{chapter.1}% 7
\BOOKMARK [1][-]{section.1.4}{\376\377\000G\000N\000S\000-\0003}{chapter.1}% 8
\BOOKMARK [0][-]{chapter.2}{\376\377\000R\000A\000N\000D\000O\000M\000\040\000E\000A\000R\000L\000Y\000\040\000D\000E\000T\000E\000C\000T\000I\000O\000N}{}% 9
\BOOKMARK [1][-]{section.2.1}{\376\377\000R\000E\000D}{chapter.2}% 10
\BOOKMARK [1][-]{section.2.2}{\376\377\000A\000R\000E\000D}{chapter.2}% 11
\BOOKMARK [1][-]{section.2.3}{\376\377\000G\000R\000E\000D}{chapter.2}% 12
\BOOKMARK [1][-]{section.2.4}{\376\377\000W\000R\000E\000D}{chapter.2}% 13
\BOOKMARK [1][-]{section.2.5}{\376\377\000N\000L\000R\000E\000D}{chapter.2}% 14
\BOOKMARK [1][-]{section.2.6}{\376\377\000H\000R\000E\000D}{chapter.2}% 15
\BOOKMARK [1][-]{section.2.7}{\376\377\000T\000R\000E\000D}{chapter.2}% 16
\BOOKMARK [1][-]{section.2.8}{\376\377\000R\000E\000D\000-\000Q\000L}{chapter.2}% 17
\BOOKMARK [1][-]{section.2.9}{\376\377\000S\000m\000R\000E\000D}{chapter.2}% 18
\BOOKMARK [1][-]{section.2.10}{\376\377\000D\000S\000-\000R\000E\000D}{chapter.2}% 19
\BOOKMARK [1][-]{section.2.11}{\376\377\000R\000A\000R\000E\000D}{chapter.2}% 20
\BOOKMARK [1][-]{section.2.12}{\376\377\000P\000o\000w\000a\000r\000e\000d}{chapter.2}% 21
\BOOKMARK [1][-]{section.2.13}{\376\377\000F\000A\000R\000E\000D}{chapter.2}% 22
\BOOKMARK [0][-]{chapter.3}{\376\377\004\040\004\065\004\067\004\103\004\073\004\114\004\102\004\060\004\102\004\113}{}% 23
\BOOKMARK [1][-]{section.3.1}{\376\377\004\030\004\074\004\070\004\102\004\060\004\106\004\070\004\076\004\075\004\075\004\060\004\117\000\040\004\074\004\076\004\064\004\065\004\073\004\114}{chapter.3}% 24
\BOOKMARK [1][-]{section.3.2}{\376\377\004\035\004\060\004\102\004\103\004\100\004\075\004\060\004\117\000\040\004\074\004\076\004\064\004\065\004\073\004\114}{chapter.3}% 25
\BOOKMARK [0][-]{chapter*.25}{\376\377\004\027\004\060\004\072\004\073\004\116\004\107\004\065\004\075\004\070\004\065}{}% 26
\BOOKMARK [0][-]{section*.26}{\376\377\004\041\004\077\004\070\004\101\004\076\004\072\000\040\004\073\004\070\004\102\004\065\004\100\004\060\004\102\004\103\004\100\004\113}{}% 27
\BOOKMARK [0][-]{appendix*.28}{\376\377\004\037\004\100\004\070\004\073\004\076\004\066\004\065\004\075\004\070\004\117}{}% 28
