0 2 3 0 0 0 0 0 0 0 0
0.10000000000000001 2 3 49.032533333333319 0.047146666666666656 3 3 0 2120 2120 0
0.20000000000000001 2 3 863.338666666667 0.83013333333333383 15 12 0 14600 11480 0
0.30000000000000004 2 3 3303.2618666666581 3.176213333333326 32 27 0 32280 27080 0
0.40000000000000002 2 3 4447.2063999999655 4.2761599999999671 50 45 0 51000 45800 0
0.5 2 3 4447.2063999999655 4.2761599999999671 68 63 0 69720 64520 0
0.59999999999999998 2 3 4446.485333333364 4.2754666666666976 86 82 0 88440 84280 0
0.69999999999999996 2 3 4445.5424000000694 4.2745600000000685 104 100 0 107160 103000 0
0.79999999999999993 2 3 4445.5424000000694 4.2745600000000685 122 118 0 125880 121720 0
0.89999999999999991 2 3 4445.5424000000694 4.2745600000000685 140 136 0 144600 140440 0
0.99999999999999989 2 3 4445.5424000000694 4.2745600000000685 158 154 0 163320 159160 0
1.0999999999999999 2 3 4445.542399999913 4.2745599999999149 176 172 0 182040 177880 0
1.2 2 3 4445.5423999998438 4.2745599999998483 194 190 0 200760 196600 0
1.3 2 3 4445.5423999998438 4.2745599999998483 212 208 0 219480 215320 0
1.4000000000000001 2 3 4445.5423999998438 4.2745599999998483 230 226 0 238200 234040 0
1.5000000000000002 2 3 4445.5423999998438 4.2745599999998483 248 244 0 256920 252760 0
1.6000000000000003 2 3 4445.5423999998438 4.2745599999998483 266 262 0 275640 271480 0
1.7000000000000004 2 3 4445.5423999998438 4.2745599999998483 284 280 0 294360 290200 0
1.8000000000000005 2 3 4445.5423999998438 4.2745599999998483 302 298 0 313080 308920 0
1.9000000000000006 2 3 4445.5423999998438 4.2745599999998483 320 316 0 331800 327640 0
2.0000000000000004 2 3 4445.5423999998438 4.2745599999998483 338 334 0 350520 346360 0
2.1000000000000005 2 3 4445.5423999998438 4.2745599999998483 356 352 0 369240 365080 0
2.2000000000000006 2 3 4445.5423999998438 4.2745599999998483 374 370 0 387960 383800 0
2.3000000000000007 2 3 4445.5423999998438 4.2745599999998483 392 388 0 406680 402520 0
2.4000000000000008 2 3 4445.5423999998438 4.2745599999998483 410 406 0 425400 421240 0
2.5000000000000009 2 3 4445.5423999998438 4.2745599999998483 428 424 0 444120 439960 0
2.600000000000001 2 3 4445.5423999998429 4.2745599999998483 446 442 0 462840 458680 0
2.7000000000000011 2 3 4445.5423999998438 4.2745599999998483 464 460 0 481560 477400 0
2.8000000000000012 2 3 4445.5423999998429 4.2745599999998483 482 478 0 500280 496120 0
2.9000000000000012 2 3 4445.5423999998438 4.2745599999998483 500 496 0 519000 514840 0
3.0000000000000013 2 3 4445.5423999998429 4.2745599999998483 518 514 0 537720 533560 0
3.1000000000000014 2 3 4446.0416000001351 4.2750400000001285 537 532 0 557480 552280 0
3.2000000000000015 2 3 4447.2063999998591 4.2761599999998632 555 550 0 576200 571000 0
3.3000000000000016 2 3 4447.2063999998591 4.2761599999998632 573 568 0 594920 589720 0
3.4000000000000017 2 3 4447.2063999998591 4.2761599999998632 591 586 0 613640 608440 0
3.5000000000000018 2 3 4447.20639999986 4.2761599999998632 609 604 0 632360 627160 0
3.6000000000000019 2 3 4447.2063999998591 4.2761599999998632 627 622 0 651080 645880 0
3.700000000000002 2 3 4447.2063999998591 4.2761599999998632 645 640 0 669800 664600 0
3.800000000000002 2 3 4447.2063999998591 4.2761599999998632 663 658 0 688520 683320 0
3.9000000000000021 2 3 4447.2063999998591 4.2761599999998632 681 676 0 707240 702040 0
4.0000000000000018 2 3 4447.2063999998554 4.2761599999998596 699 694 0 725960 720760 0
4.1000000000000014 2 3 4445.9306666661223 4.2749333333328083 717 713 0 744680 740520 0
4.2000000000000011 2 3 4445.5423999998447 4.2745599999998491 735 731 0 763400 759240 0
4.3000000000000007 2 3 4445.5423999998447 4.2745599999998491 753 749 0 782120 777960 0
4.4000000000000004 2 3 4445.5423999998447 4.2745599999998491 771 767 0 800840 796680 0
4.5 2 3 4445.5423999998447 4.2745599999998491 789 785 0 819560 815400 0
4.5999999999999996 2 3 4445.5423999998447 4.2745599999998491 807 803 0 838280 834120 0
4.6999999999999993 2 3 4445.5423999998447 4.2745599999998491 825 821 0 857000 852840 0
4.7999999999999989 2 3 4445.5423999998447 4.2745599999998491 843 839 0 875720 871560 0
4.8999999999999986 2 3 4445.5423999998447 4.2745599999998491 861 857 0 894440 890280 0
4.9999999999999982 2 3 4445.5423999998447 4.2745599999998491 879 875 0 913160 909000 0
5.0999999999999979 2 3 4725.0314666675285 4.8191200000003045 900 894 0 934000 927760 0
5.1999999999999975 2 3 6895.2832000009339 6.6300800000008993 920 912 0 954800 946480 0
5.2999999999999972 2 3 9351.6800000020721 8.9920000000019904 942 930 0 977680 965200 0
5.3999999999999968 2 3 12899.383466667043 12.403253333333701 965 948 4 1001600 983920 4160
5.4999999999999964 2 3 12897.331199999233 12.401279999999266 985 966 7 1022400 1002640 7280
5.5999999999999961 2 3 7169.2885333259492 6.8935466666595673 990 983 7 1027600 1020320 7280
5.6999999999999957 2 3 1029.6831999999988 0.99007999999999896 997 990 7 1034880 1027600 7280
5.7999999999999954 2 3 346.05653333394082 0.33274666666725078 1012 1004 7 1050480 1042160 7280
5.899999999999995 2 3 487.38559999934836 0.46863999999937345 1027 1020 7 1066080 1058800 7280
5.9999999999999947 2 3 1586.2912000016615 1.5252800000015974 1048 1038 7 1087920 1077520 7280
6.0999999999999943 2 3 5311.6544000016593 5.1073600000015951 1069 1056 7 1109760 1096240 7280
6.199999999999994 2 3 6973.7130666683652 6.7054933333349682 1090 1074 7 1131600 1114960 7280
6.2999999999999936 2 3 8615.0271999991928 8.2836799999992241 1107 1092 7 1149280 1133680 7280
6.3999999999999932 2 3 9495.6160000004675 9.1304000000004457 1126 1110 7 1169040 1152400 7280
6.4999999999999929 2 3 9565.2821333338215 9.197386666667132 1145 1128 7 1188800 1171120 7280
6.5999999999999925 2 3 10499.008000000487 10.095200000000464 1164 1146 7 1208560 1189840 7280
6.6999999999999922 2 3 11346.816000000492 10.91040000000047 1183 1164 7 1228320 1208560 7280
6.7999999999999918 2 3 12136.93866666716 11.670133333333808 1202 1182 7 1248080 1227280 7280
6.8999999999999915 2 3 12802.094933333125 12.309706666666465 1221 1200 8 1267840 1246000 8320
6.9999999999999911 2 3 12693.546666665774 12.205333333332476 1238 1218 8 1285520 1264720 8320
7.0999999999999908 2 3 9482.4149333258101 9.1177066666594317 1246 1236 8 1293840 1283440 8320
7.1999999999999904 2 3 2546.4746666703063 2.4485333333368331 1269 1254 8 1317760 1302160 8320
7.2999999999999901 2 3 8763.4005333345613 8.4263466666678468 1289 1272 8 1338560 1320880 8320
7.3999999999999897 2 3 10579.101866667928 10.172213333334543 1309 1290 8 1359360 1339600 8320
7.4999999999999893 2 3 12094.229333334617 11.629066666667903 1330 1308 9 1381200 1358320 9360
7.599999999999989 2 3 12503.795199998965 12.022879999999006 1349 1327 10 1400960 1378080 10400
7.6999999999999886 2 3 12497.971199998978 12.017279999999014 1366 1345 10 1418640 1396800 10400
7.7999999999999883 2 3 8881.2117333291535 8.5396266666626488 1379 1363 10 1432160 1415520 10400
7.8999999999999879 2 3 5630.9759999981216 5.4143999999981958 1395 1381 10 1448800 1434240 10400
7.9999999999999876 2 3 4448.2602666671664 4.2771733333338142 1414 1399 10 1468560 1452960 10400
8.0999999999999872 2 3 5667.0848000022215 5.449120000002134 1433 1417 10 1488320 1471680 10400
8.1999999999999869 2 3 6192.7424000018545 5.9545600000017842 1451 1435 10 1507040 1490400 10400
8.2999999999999865 2 3 6904.2688000024064 6.6387200000023112 1470 1453 10 1526800 1509120 10400
8.3999999999999861 2 3 7966.7328000022389 7.6603200000021507 1489 1471 10 1546560 1527840 10400
8.4999999999999858 2 3 8913.8261333353894 8.5709866666686398 1508 1489 10 1566320 1546560 10400
8.5999999999999854 2 3 9860.9194666685289 9.4816533333351298 1527 1507 10 1586080 1565280 10400
8.6999999999999851 2 3 10750.327466668346 10.336853333334945 1546 1525 10 1605840 1584000 10400
8.7999999999999847 2 3 11496.742400001796 11.054560000001729 1564 1543 10 1624560 1602720 10400
8.8999999999999844 2 3 11636.684800001372 11.189120000001317 1583 1561 10 1644320 1621440 10400
8.999999999999984 2 3 12453.542400001847 11.974560000001773 1601 1579 10 1663040 1640160 10400
9.0999999999999837 2 3 12557.542400001785 12.074560000001718 1620 1597 11 1682800 1658880 11440
9.1999999999999833 2 3 11390.412800004466 10.952320000004296 1635 1615 11 1698400 1677600 11440
9.2999999999999829 2 3 9135.7482666684464 8.7843733333350436 1653 1633 11 1717120 1696320 11440
9.3999999999999826 2 3 9470.434133333898 9.1061866666672096 1672 1651 11 1736880 1715040 11440
9.4999999999999822 2 3 10394.342400001833 9.994560000001762 1690 1669 11 1755600 1733760 11440
9.5999999999999819 2 3 10414.476800000262 10.013920000000258 1709 1687 11 1775360 1752480 11440
9.6999999999999815 2 3 11455.142400001825 11.014560000001751 1727 1705 11 1794080 1771200 11440
9.7999999999999812 2 3 12348.599466666699 11.873653333333365 1746 1723 11 1813840 1789920 11440
9.8999999999999808 2 3 12557.542400001785 12.074560000001718 1765 1741 12 1833600 1808640 12480
9.9999999999999805 2 3 12480.499200003989 12.000480000003833 1782 1759 12 1851280 1827360 12480
10.09999999999998 2 3 10201.70666667303 9.8093333333394561 1798 1777 12 1867920 1846080 12480
10.19999999999998 2 3 9172.6336000018 8.8198400000017294 1816 1795 12 1886640 1864800 12480
10.299999999999979 2 3 10119.948799999256 9.7307199999992893 1835 1813 12 1906400 1883520 12480
10.399999999999979 2 3 10435.942400001803 10.03456000000174 1853 1831 12 1925120 1902240 12480
10.499999999999979 2 3 11126.391466665596 10.698453333332305 1872 1849 12 1944880 1920960 12480
10.599999999999978 2 3 11958.114133332061 11.498186666665445 1891 1867 12 1964640 1939680 12480
10.699999999999978 2 3 12505.348266665209 12.024373333331926 1911 1885 13 1985440 1958400 13520
10.799999999999978 2 3 12455.206400001687 11.976160000001624 1929 1903 13 2004160 1977120 13520
10.899999999999977 2 3 11897.600000008728 11.440000000008391 1945 1921 13 2020800 1995840 13520
10.999999999999977 2 3 9784.8192000090403 9.4084800000086926 1961 1939 13 2037440 2014560 13520
11.099999999999977 2 3 9670.7797333352773 9.2988266666685409 1980 1958 13 2057200 2034320 13520
11.199999999999976 2 3 10559.522133331251 10.153386666664659 1999 1976 13 2076960 2053040 13520
11.299999999999976 2 3 11452.86826666444 11.01237333333119 2018 1994 13 2096720 2071760 13520
11.399999999999975 2 3 11426.743466664133 10.987253333330894 2037 2012 13 2116480 2090480 13520
11.499999999999975 2 3 12515.942400001808 12.03456000000174 2055 2030 13 2135200 2109200 13520
11.599999999999975 2 3 12557.542400001787 12.074560000001718 2074 2048 14 2154960 2127920 14560
11.699999999999974 2 3 11957.836800016225 11.497920000015599 2089 2066 14 2170560 2146640 14560
11.799999999999974 2 3 9135.7482666684464 8.7843733333350436 2107 2084 14 2189280 2165360 14560
11.899999999999974 2 3 9333.5424000018447 8.9745600000017731 2125 2102 14 2208000 2184080 14560
11.999999999999973 2 3 10279.692799996665 9.8843199999967979 2144 2120 14 2227760 2202800 14560
12.099999999999973 2 3 10415.142400001814 10.014560000001751 2162 2138 14 2246480 2221520 14560
12.199999999999973 2 3 11327.735466662984 10.892053333329791 2181 2156 14 2266240 2240240 14560
12.299999999999972 2 3 12159.458133329446 11.69178666666293 2200 2174 14 2286000 2258960 14560
12.399999999999972 2 3 12557.542400001788 12.074560000001718 2219 2192 15 2305760 2277680 15600
12.499999999999972 2 3 12474.342400001837 11.994560000001762 2237 2210 15 2324480 2296400 15600
12.599999999999971 2 3 11624.925866674619 11.177813333340975 2254 2228 15 2342160 2315120 15600
12.699999999999971 2 3 9382.1312000142734 9.0212800000137214 2270 2246 15 2358800 2333840 15600
12.799999999999971 2 3 9873.122133328663 9.4933866666621807 2289 2264 15 2378560 2352560 15600
12.89999999999997 2 3 10762.530133328477 10.348586666661996 2308 2282 15 2398320 2371280 15600
12.99999999999997 2 3 11496.742400001798 11.054560000001729 2326 2300 15 2417040 2390000 15600
13.099999999999969 2 3 11648.887466661507 11.200853333328368 2345 2318 15 2436800 2408720 15600
13.199999999999969 2 3 12453.542400001845 11.974560000001773 2363 2336 15 2455520 2427440 15600
13.299999999999969 2 3 12557.542400001788 12.074560000001718 2382 2354 16 2475280 2446160 16640
13.399999999999968 2 3 11353.804800024067 10.917120000023143 2397 2372 16 2490880 2464880 16640
13.499999999999968 2 3 9135.7482666684464 8.7843733333350436 2415 2390 16 2509600 2483600 16640
13.599999999999968 2 3 9482.6367999940321 9.1179199999942604 2434 2408 16 2529360 2502320 16640
13.699999999999967 2 3 10396.782933327213 9.9969066666607809 2453 2426 16 2549120 2521040 16640
13.799999999999967 2 3 10428.343466660241 10.02725333332716 2472 2444 16 2568880 2539760 16640
13.899999999999967 2 3 11451.037866676601 11.010613333342882 2489 2462 16 2586560 2558480 16640
13.999999999999966 2 3 12360.802133326833 11.885386666660416 2508 2480 16 2606320 2577200 16640
14.099999999999966 2 3 12557.542400001785 12.074560000001718 2527 2498 17 2626080 2595920 17680
14.199999999999966 2 3 12536.742400001798 12.054560000001729 2545 2516 17 2644800 2614640 17680
14.299999999999965 2 3 11204.876800028322 10.773920000027232 2560 2534 17 2660400 2633360 17680
14.399999999999965 2 3 9135.7482666684482 8.7843733333350436 2578 2552 17 2679120 2652080 17680
14.499999999999964 2 3 10074.466133326046 9.6869866666596653 2597 2570 17 2698880 2670800 17680
14.599999999999964 2 3 10962.321066668639 10.540693333335229 2616 2589 17 2718640 2690560 17680
14.699999999999964 2 3 11495.078400001952 11.052960000001878 2634 2607 17 2737360 2709280 17680
14.799999999999963 2 3 11910.967466659009 11.452853333325971 2653 2625 17 2757120 2728000 17680
14.899999999999963 2 3 12474.286933325518 11.994506666659149 2673 2643 18 2777920 2746720 18720
14.999999999999963 2 3 12474.342400001831 11.994560000001762 2691 2661 18 2796640 2765440 18720
