0 2 3 0 0 0 0 0 0 0 0
0.10000000000000001 2 3 49.032533333333319 0.047146666666666656 3 3 0 2120 2120 0
0.20000000000000001 2 3 863.338666666667 0.83013333333333383 15 12 0 14600 11480 0
0.30000000000000004 2 3 3303.2618666666581 3.176213333333326 32 27 0 32280 27080 0
0.40000000000000002 2 3 4447.2063999999655 4.2761599999999671 50 45 0 51000 45800 0
0.5 2 3 4447.2063999999655 4.2761599999999671 68 63 0 69720 64520 0
0.59999999999999998 2 3 4446.485333333364 4.2754666666666976 86 82 0 88440 84280 0
0.69999999999999996 2 3 4445.5424000000694 4.2745600000000685 104 100 0 107160 103000 0
0.79999999999999993 2 3 4445.5424000000694 4.2745600000000685 122 118 0 125880 121720 0
0.89999999999999991 2 3 4445.5424000000694 4.2745600000000685 140 136 0 144600 140440 0
0.99999999999999989 2 3 4445.5424000000694 4.2745600000000685 158 154 0 163320 159160 0
1.0999999999999999 2 3 4445.542399999913 4.2745599999999149 176 172 0 182040 177880 0
1.2 2 3 4445.5423999998438 4.2745599999998483 194 190 0 200760 196600 0
1.3 2 3 4445.5423999998438 4.2745599999998483 212 208 0 219480 215320 0
1.4000000000000001 2 3 4445.5423999998438 4.2745599999998483 230 226 0 238200 234040 0
1.5000000000000002 2 3 4445.5423999998438 4.2745599999998483 248 244 0 256920 252760 0
1.6000000000000003 2 3 4445.5423999998438 4.2745599999998483 266 262 0 275640 271480 0
1.7000000000000004 2 3 4445.5423999998438 4.2745599999998483 284 280 0 294360 290200 0
1.8000000000000005 2 3 4445.5423999998438 4.2745599999998483 302 298 0 313080 308920 0
1.9000000000000006 2 3 4445.5423999998438 4.2745599999998483 320 316 0 331800 327640 0
2.0000000000000004 2 3 4445.5423999998438 4.2745599999998483 338 334 0 350520 346360 0
2.1000000000000005 2 3 4445.5423999998438 4.2745599999998483 356 352 0 369240 365080 0
2.2000000000000006 2 3 4445.5423999998438 4.2745599999998483 374 370 0 387960 383800 0
2.3000000000000007 2 3 4445.5423999998438 4.2745599999998483 392 388 0 406680 402520 0
2.4000000000000008 2 3 4445.5423999998438 4.2745599999998483 410 406 0 425400 421240 0
2.5000000000000009 2 3 4445.5423999998438 4.2745599999998483 428 424 0 444120 439960 0
2.600000000000001 2 3 4445.5423999998429 4.2745599999998483 446 442 0 462840 458680 0
2.7000000000000011 2 3 3477.2053333327308 3.3434666666660875 463 460 1 480520 477400 1040
2.8000000000000012 2 3 1138.2869333333315 1.094506666666665 471 468 1 488840 485720 1040
2.9000000000000012 2 3 346.44479999950562 0.33311999999952463 481 480 1 499240 498200 1040
3.0000000000000013 2 3 432.91733333357809 0.41626666666690199 498 496 1 516920 514840 1040
3.1000000000000014 2 3 1037.7226666668491 1.0323999999999547 518 515 1 536720 533600 1040
3.2000000000000015 2 3 4534.9546666675242 4.3605333333341587 540 533 1 559600 552320 1040
3.3000000000000016 2 3 9846.6090666678392 9.4678933333344606 563 551 1 583520 571040 1040
3.4000000000000017 2 3 12911.808000000086 12.415200000000091 588 569 7 609520 589760 7280
3.5000000000000018 2 3 10766.357333331018 10.352266666664436 600 587 8 622000 608480 8320
3.6000000000000019 2 3 1349.6149333323742 1.2977066666657444 606 596 8 628240 617840 8320
3.700000000000002 2 3 1398.2591999993558 1.3444799999993806 616 608 8 638640 630320 8320
3.800000000000002 2 3 889.74080000066738 0.85552000000064166 635 625 8 658400 648000 8320
3.9000000000000021 2 3 3822.5408000008447 3.6755200000008128 656 643 8 680240 666720 8320
4.0000000000000018 2 3 3767.0741333324931 3.6221866666658582 673 662 8 697920 686480 8320
4.1000000000000014 2 3 5241.9882666671965 5.040373333333843 694 680 9 719760 705200 9360
4.2000000000000011 2 3 3691.1402666646809 3.5491733333314226 707 698 9 733280 723920 9360
4.3000000000000007 2 3 3011.9509333343303 2.8961066666676252 725 713 9 752000 739520 9360
4.4000000000000004 2 3 4335.2192000005043 4.1684800000004847 745 731 9 772800 758240 9360
4.5 2 3 6030.890666666809 5.7989333333334718 765 749 10 793600 776960 10400
4.5999999999999996 2 3 6475.6223999993699 6.2265599999993926 782 767 10 811280 795680 10400
4.6999999999999993 2 3 4503.0058666656187 4.3298133333323259 799 785 11 828960 814400 11440
4.7999999999999989 2 3 4707.2895999993252 4.5262399999993512 816 803 11 846640 833120 11440
4.8999999999999986 2 3 2367.9829333345706 2.2769066666678563 834 817 12 865360 847680 12480
4.9999999999999982 2 3 1886.3658666644014 1.8138133333311555 846 834 12 877840 865360 12480
5.0999999999999979 2 3 523.54986666752313 0.50341333333415683 866 852 12 898640 884080 12480
5.1999999999999975 2 3 2914.3850666672711 2.8022933333339148 886 870 12 919440 902800 12480
5.2999999999999972 2 3 5255.4666666672538 5.0533333333338959 906 888 12 940240 921520 12480
5.3999999999999968 2 3 7165.6277333335192 6.8900266666668468 926 906 13 961040 940240 13520
5.4999999999999964 2 3 7534.4810666655585 7.2446933333322674 942 924 13 977680 958960 13520
5.5999999999999961 2 3 2099.5242666660888 2.0187733333327778 959 942 13 995360 977680 13520
5.6999999999999957 2 3 5448.9344000008314 5.2393600000007998 979 960 13 1016160 996400 13520
5.7999999999999954 2 3 6867.5498666669209 6.6034133333335774 999 978 14 1036960 1015120 14560
5.899999999999995 2 3 8164.2496000007313 7.850240000000702 1019 996 14 1057760 1033840 14560
5.9999999999999947 2 3 7022.357333331237 6.752266666664652 1034 1014 15 1073360 1052560 15600
6.0999999999999943 2 3 6125.6832000003042 5.8900800000002942 1054 1032 16 1094160 1071280 16640
6.199999999999994 2 3 7146.5472000003092 6.8716800000002971 1073 1050 16 1113920 1090000 16640
6.2999999999999936 2 3 2627.2341333296031 2.5261866666630794 1080 1063 17 1121200 1103520 17680
6.3999999999999932 2 3 2285.3930666666311 2.1974933333332993 1098 1081 17 1139920 1122240 17680
6.4999999999999929 2 3 1113.9370666675245 1.0710933333341581 1118 1099 17 1160720 1140960 17680
6.5999999999999925 2 3 3827.7546666680651 3.6805333333346764 1139 1117 17 1182560 1159680 17680
6.6999999999999922 2 3 5701.1968000003344 5.4819200000003239 1159 1135 18 1203360 1178400 18720
6.7999999999999918 2 3 4689.9839999970536 4.5095999999971674 1173 1153 19 1217920 1197120 19760
6.8999999999999915 2 3 2504.1536000009478 2.407840000000911 1190 1168 19 1235600 1212720 19760
6.9999999999999911 2 3 781.02613333160627 0.75098666666500602 1202 1183 19 1248080 1228320 19760
7.0999999999999908 2 3 417.33120000053896 0.40128000000051822 1221 1201 19 1267840 1247040 19760
7.1999999999999904 2 3 2554.1290666680784 2.4558933333346911 1242 1219 19 1289680 1265760 19760
7.2999999999999901 2 3 4794.2613333336203 4.6098666666669423 1262 1237 20 1310480 1284480 20800
7.3999999999999897 2 3 5783.675733331962 5.5612266666653483 1278 1255 20 1327120 1303200 20800
7.4999999999999893 2 3 1171.8997333333148 1.1268266666666489 1291 1268 20 1340640 1316720 20800
7.599999999999989 2 3 3187.6693333337316 3.065066666667049 1310 1286 20 1360400 1335440 20800
7.6999999999999886 2 3 4879.1808000003421 4.6915200000003301 1330 1304 21 1381200 1354160 21840
7.7999999999999883 2 3 6293.0261333342678 6.0509866666675673 1350 1322 21 1402000 1372880 21840
7.8999999999999879 2 3 5394.2442666646402 5.1867733333313835 1365 1340 21 1417600 1391600 21840
7.9999999999999876 2 3 4397.1754666670186 4.2280533333336718 1385 1358 22 1438400 1410320 22880
8.0999999999999872 2 3 4934.1482666680267 4.7443733333346385 1403 1376 22 1457120 1429040 22880
8.1999999999999869 2 3 4752.4394666684348 4.5696533333350313 1422 1394 23 1476880 1447760 23920
8.2999999999999865 2 3 5833.817600002194 5.6094400000021079 1441 1412 23 1496640 1466480 23920
8.3999999999999861 2 3 5282.7562666682788 5.0795733333348814 1459 1430 24 1515360 1485200 24960
8.4999999999999858 2 3 1502.1482666672166 1.4443733333338622 1465 1441 24 1521600 1496640 24960
8.5999999999999854 2 3 1943.3856000003202 1.8686400000003078 1484 1459 24 1541360 1515360 24960
8.6999999999999851 2 3 2656.6314666676276 2.5544533333342567 1505 1477 24 1563200 1534080 24960
8.7999999999999847 2 3 4970.0352000016064 4.7788800000015454 1524 1495 24 1582960 1552800 24960
8.8999999999999844 2 3 6233.7877333348097 5.9940266666680877 1544 1513 25 1603760 1571520 26000
8.999999999999984 2 3 7851.5840000007729 7.5496000000007424 1564 1531 25 1624560 1590240 26000
9.0999999999999837 2 3 6844.6421333372864 6.5813866666704666 1580 1549 26 1641200 1608960 27040
9.1999999999999833 2 3 5896.605866667679 5.6698133333343064 1599 1567 26 1660960 1627680 27040
9.2999999999999829 2 3 5566.0800000028457 5.3520000000027332 1617 1585 27 1679680 1646400 28080
9.3999999999999826 2 3 1863.1253333400773 1.7914666666731514 1623 1595 28 1685920 1656800 29120
9.4999999999999822 2 3 155.75040000000851 0.14976000000000819 1630 1602 28 1693200 1664080 29120
9.5999999999999819 2 3 166.23360000016223 0.15984000000015597 1639 1611 28 1702560 1673440 29120
9.6999999999999815 2 3 675.69493333332491 0.64970666666665855 1653 1625 28 1717120 1688000 29120
9.7999999999999812 2 3 846.25493333255849 0.81370666666592162 1672 1643 28 1736880 1706720 29120
9.8999999999999808 2 3 2814.2122666657483 2.7059733333324507 1692 1661 28 1757680 1725440 29120
9.9999999999999805 2 3 4860.6549333320827 4.6737066666654661 1712 1679 28 1778480 1744160 29120
