0 2 3 0 0 0 0 0 0 0 0
0.10000000000000001 2 3 0.0 0.0 2 2 0 2000 2000 0
0.20000000000000001 2 3 136.00000000000057 0.13600000000000056 8 8 0 8000 8000 0
0.30000000000000004 2 3 456.00000000000148 0.45600000000000152 15 15 0 15000 15000 0
0.40000000000000002 2 3 1522.7733333333313 1.5227733333333313 32 28 0 32000 28000 0
0.5 2 3 923.94666666670855 0.92394666666670866 46 46 0 46000 46000 0
0.59999999999999998 2 3 1.1102230246251567e-12 1.1102230246251567e-15 64 64 0 64000 64000 0
0.69999999999999996 2 3 258.66666666665935 0.25866666666665933 81 81 0 81000 81000 0
0.79999999999999993 2 3 1230.9333333332668 1.2309333333332664 102 100 0 102000 100000 0
0.89999999999999991 2 3 2534.1333333332473 2.5341333333332465 122 119 0 122000 119000 0
0.99999999999999989 2 3 2902.0799999999231 2.9020799999999221 140 137 0 140000 137000 0
1.0999999999999999 2 3 2896.6400000000845 2.8966400000000831 159 156 0 159000 156000 0
1.2 2 3 2896.6400000001513 2.8966400000001498 178 175 0 178000 175000 0
1.3 2 3 2896.6400000001508 2.8966400000001498 197 194 0 197000 194000 0
1.4000000000000001 2 3 2902.0800000001427 2.9020800000001419 215 212 0 215000 212000 0
1.5000000000000002 2 3 2896.6400000001508 2.8966400000001498 234 231 0 234000 231000 0
1.6000000000000003 2 3 2896.6400000001513 2.8966400000001498 253 250 0 253000 250000 0
1.7000000000000004 2 3 2896.6400000001508 2.8966400000001498 272 269 0 272000 269000 0
1.8000000000000005 2 3 2902.0800000001427 2.9020800000001419 290 287 0 290000 287000 0
1.9000000000000006 2 3 2896.6400000001508 2.8966400000001498 309 306 0 309000 306000 0
2.0000000000000004 2 3 2896.6400000001508 2.8966400000001498 328 325 0 328000 325000 0
2.1000000000000005 2 3 2896.6399999998575 2.8966399999998567 347 344 0 347000 344000 0
2.2000000000000006 2 3 2902.0799999997425 2.9020799999997422 365 362 0 365000 362000 0
2.3000000000000007 2 3 2896.6399999997284 2.8966399999997279 384 381 0 384000 381000 0
2.4000000000000008 2 3 2896.6399999997284 2.8966399999997279 403 400 0 403000 400000 0
2.5000000000000009 2 3 2896.6399999997279 2.8966399999997279 422 419 0 422000 419000 0
2.600000000000001 2 3 2902.0799999997425 2.9020799999997422 440 437 0 440000 437000 0
2.7000000000000011 2 3 2896.6399999997284 2.8966399999997279 459 456 0 459000 456000 0
2.8000000000000012 2 3 2896.6399999997284 2.8966399999997279 478 475 0 478000 475000 0
2.9000000000000012 2 3 2896.6399999997279 2.8966399999997279 497 494 0 497000 494000 0
3.0000000000000013 2 3 2902.0799999997425 2.9020799999997422 515 512 0 515000 512000 0
3.1000000000000014 2 3 3838.6399999997393 3.8386399999997387 535 531 0 535000 531000 0
3.2000000000000015 2 3 4471.4666666665598 4.4714666666665579 555 550 0 555000 550000 0
3.3000000000000016 2 3 4617.8133333328497 4.6178133333328475 573 569 0 573000 569000 0
3.4000000000000017 2 3 5449.066666666834 5.449066666666833 593 587 0 593000 587000 0
3.5000000000000018 2 3 5760.7999999999829 5.7607999999999784 613 606 0 613000 606000 0
3.6000000000000019 2 3 10459.786666667154 10.459786666667155 635 625 0 635000 625000 0
3.700000000000002 2 3 10443.306666666356 10.443306666666352 654 644 0 654000 644000 0
3.800000000000002 2 3 7752.2666666653831 7.7522666666653857 669 662 0 669000 662000 0
3.9000000000000021 2 3 6611.1466666659962 6.611146666665995 687 681 0 687000 681000 0
4.0000000000000018 2 3 4897.8133333326596 4.8978133333326568 706 700 1 706000 700000 1000
4.1000000000000014 2 3 3160.3199999996091 3.1603199999996101 723 719 1 723000 719000 1000
4.2000000000000011 2 3 3142.0800000006489 3.1420800000006488 742 737 2 742000 737000 2000
4.3000000000000007 2 3 2516.8000000009374 2.5168000000009361 762 756 2 762000 756000 2000
4.4000000000000004 2 3 3828.6400000006761 3.8286400000006764 781 775 2 781000 775000 2000
4.5 2 3 4669.9733333340537 4.6699733333340534 800 794 2 800000 794000 2000
4.5999999999999996 2 3 3982.0800000006357 3.9820800000006393 819 812 3 819000 812000 3000
4.6999999999999993 2 3 3512.6400000006638 3.5126400000006655 838 831 3 838000 831000 3000
4.7999999999999989 2 3 3697.8133333340343 3.6978133333340368 856 850 3 856000 850000 3000
4.8999999999999986 2 3 3649.9733333340441 3.6499733333340463 875 869 3 875000 869000 3000
4.9999999999999982 2 3 3622.0800000006752 3.6220800000006776 894 887 4 894000 887000 4000
5.0999999999999979 2 3 2491.1466666675447 2.491146666667543 912 906 4 912000 906000 4000
5.1999999999999975 2 3 1677.8133333342705 1.6778133333342697 930 925 4 930000 925000 4000
5.2999999999999972 2 3 2506.2933333334495 2.5062933333334492 951 944 4 951000 944000 4000
5.3999999999999968 2 3 3079.573333333612 3.0795733333336117 970 962 4 970000 962000 4000
5.4999999999999964 2 3 3636.6400000006502 3.6366400000006522 989 981 4 989000 981000 4000
5.5999999999999961 2 3 3372.3200000016564 3.3723200000016571 1007 1000 5 1007000 1000000 5000
5.6999999999999957 2 3 2188.6400000007102 2.1886400000007091 1026 1019 5 1026000 1019000 5000
5.7999999999999954 2 3 1772.9066666666758 1.7729066666666755 1045 1037 5 1045000 1037000 5000
5.899999999999995 2 3 2980.7999999999893 2.9807999999999897 1065 1056 5 1065000 1056000 5000
5.9999999999999947 2 3 3716.6400000006774 3.7166400000006794 1084 1075 5 1084000 1075000 5000
6.0999999999999943 2 3 3671.1466666681345 3.6711466666681365 1102 1094 5 1102000 1094000 5000
6.199999999999994 2 3 3647.5733333331405 3.6475733333331424 1121 1112 5 1121000 1112000 5000
6.2999999999999936 2 3 3656.6400000006565 3.6566400000006589 1140 1131 5 1140000 1131000 5000
6.3999999999999932 2 3 3484.4800000016494 3.4844800000016498 1159 1150 6 1159000 1150000 6000
6.4999999999999929 2 3 2589.8133333350347 2.5898133333350342 1177 1169 6 1177000 1169000 6000
6.5999999999999925 2 3 3091.7333333318197 3.0917333333318209 1197 1187 6 1197000 1187000 6000
6.6999999999999922 2 3 3696.6400000006702 3.6966400000006727 1216 1206 6 1216000 1206000 6000
6.7999999999999918 2 3 3697.8133333352339 3.6978133333352359 1234 1225 6 1234000 1225000 6000
6.8999999999999915 2 3 3649.9733333340441 3.6499733333340463 1253 1244 6 1253000 1244000 6000
6.9999999999999911 2 3 3647.5733333326607 3.6475733333326628 1272 1262 6 1272000 1262000 6000
7.0999999999999908 2 3 3024.4800000020368 3.0244800000020362 1291 1281 7 1291000 1281000 7000
7.1999999999999904 2 3 2657.8133333354622 2.6578133333354619 1309 1300 7 1309000 1300000 7000
7.2999999999999901 2 3 3054.133333332541 3.0541333333325422 1329 1319 7 1329000 1319000 7000
7.3999999999999897 2 3 3687.5733333324338 3.6875733333324368 1348 1337 7 1348000 1337000 7000
7.4999999999999893 2 3 3716.6400000006784 3.7166400000006794 1367 1356 7 1367000 1356000 7000
7.599999999999989 2 3 3637.8133333356927 3.637813333335695 1385 1375 7 1385000 1375000 7000
7.6999999999999886 2 3 3649.9733333340437 3.6499733333340463 1404 1394 7 1404000 1394000 7000
7.7999999999999883 2 3 3687.5733333321937 3.6875733333321969 1423 1412 7 1423000 1412000 7000
7.8999999999999879 2 3 3716.640000000677 3.7166400000006794 1442 1431 7 1442000 1431000 7000
7.9999999999999876 2 3 3298.9866666711919 3.2989866666711913 1460 1450 8 1460000 1450000 8000
8.0999999999999872 2 3 2568.6399999994774 2.5686399999994785 1479 1469 8 1479000 1469000 8000
8.1999999999999869 2 3 2798.3999999950897 2.7983999999950901 1499 1487 8 1499000 1487000 8000
8.2999999999999865 2 3 3656.6399999988471 3.656639999998847 1518 1506 8 1518000 1506000 8000
8.3999999999999861 2 3 3637.8133333338119 3.6378133333338121 1536 1525 8 1536000 1525000 8000
8.4999999999999858 2 3 3675.4666666638814 3.675466666663882 1556 1544 8 1556000 1544000 8000
8.5999999999999854 2 3 3722.0799999988817 3.7220799999988818 1574 1562 8 1574000 1562000 8000
8.6999999999999851 2 3 3656.6399999988471 3.656639999998847 1593 1581 8 1593000 1581000 8000
8.7999999999999847 2 3 3637.8133333333858 3.6378133333333857 1611 1600 8 1611000 1600000 8000
8.8999999999999844 2 3 3529.9733333320773 3.5299733333320784 1631 1619 9 1631000 1619000 9000
8.999999999999984 2 3 2396.5866666665556 2.3965866666665554 1648 1637 9 1648000 1637000 9000
9.0999999999999837 2 3 1636.6399999988578 1.6366399999988581 1667 1656 9 1667000 1656000 9000
9.1999999999999833 2 3 2667.4666666646103 2.6674666666646112 1687 1675 9 1687000 1675000 9000
9.2999999999999829 2 3 2691.146666666164 2.691146666666163 1705 1694 9 1705000 1694000 9000
9.3999999999999826 2 3 2647.5733333315875 2.6475733333315881 1724 1712 9 1724000 1712000 9000
9.4999999999999822 2 3 2716.6399999988134 2.7166399999988142 1743 1731 9 1743000 1731000 9000
9.5999999999999819 2 3 2677.8133333325118 2.6778133333325109 1761 1750 9 1761000 1750000 9000
9.6999999999999815 2 3 2649.9733333320828 2.6499733333320834 1780 1769 9 1780000 1769000 9000
9.7999999999999812 2 3 2727.5733333319699 2.7275733333319705 1799 1787 9 1799000 1787000 9000
9.8999999999999808 2 3 2676.6399999988362 2.676639999998836 1818 1806 9 1818000 1806000 9000
9.9999999999999805 2 3 2637.8133333321061 2.6378133333321068 1836 1825 9 1836000 1825000 9000
