0 0 1 0 0 0 0 0 0 0 0
0.10000000000000001 0 1 1.2159999999998976 0.030399999999997443 20 20 0 800 800 0
0.20000000000000001 0 1 861.35039999998094 1.5950933333332973 60 60 0 22400 22400 0
0.30000000000000004 0 1 1856.9087999999558 3.4387199999999161 140 140 0 65600 65600 0
0.40000000000000002 0 1 7445.7705599997944 13.78846399999961 300 299 0 152000 151460 0
0.5 0 1 4504.0291200001193 8.3407946666668842 476 388 0 247040 199520 0
0.59999999999999998 0 1 25485.623999999025 47.195599999998194 654 637 0 343160 333980 0
0.69999999999999996 0 1 95226.854399999196 176.34602666666441 1260 1100 42 670400 584000 22680
0.79999999999999993 0 1 31356.656639991641 58.067882666650711 1669 1563 59 891260 834020 31860
0.89999999999999991 0 1 5554.5868799965037 10.286271999993513 1883 1822 61 1006820 973880 32940
0.99999999999999989 0 1 391.91039999993876 0.72575999999988661 2019 1958 61 1080260 1047320 32940
1.0999999999999999 0 1 468.42624000002638 0.86745600000004885 2154 2093 61 1153160 1120220 32940
1.2 0 1 47.612159999970196 0.088170666666611469 2329 2268 61 1247660 1214720 32940
1.3 0 1 80.389439999994636 0.14886933333332339 2499 2438 61 1339460 1306520 32940
1.4000000000000001 0 1 70.015679999908173 0.12965866666649661 2685 2623 61 1439900 1406420 32940
1.5000000000000002 0 1 347.16672000011897 0.6429013333335537 2866 2805 61 1537640 1504700 32940
1.6000000000000003 0 1 708.68448000034493 1.3123786666673121 3123 3062 61 1676420 1643480 32940
1.7000000000000004 0 1 856.43711999900211 1.5859946666648215 3377 3313 61 1813580 1779020 32940
1.8000000000000005 0 1 289.05119999981633 0.53527999999966003 3607 3546 61 1937780 1904840 32940
1.9000000000000006 0 1 552.54527999959885 1.0232319999992558 3886 3825 61 2088440 2055500 32940
2.0000000000000004 0 1 745.03872000001877 1.3797013333333714 4172 4110 61 2242880 2209400 32940
2.1000000000000005 0 1 715.233599999945 1.3245066666665684 4487 4426 61 2412980 2380040 32940
2.2000000000000006 0 1 992.04192000012335 1.8371146666668932 4792 4729 61 2577680 2543660 32940
2.3000000000000007 0 1 1252.9929599998668 2.3203573333330829 5124 5063 61 2756960 2724020 32940
2.4000000000000008 0 1 864.6451200003811 1.6011946666673702 5462 5394 61 2939480 2902760 32940
2.5000000000000009 0 1 921.12191999966853 1.7057813333327216 5787 5723 61 3114980 3080420 32940
2.600000000000001 0 1 1198.2873599998477 2.2190506666663827 6136 6074 61 3303440 3269960 32940
2.7000000000000011 0 1 1283.6102399998758 2.3770559999997709 6526 6463 61 3514040 3480020 32940
2.8000000000000012 0 1 1696.6742399995626 3.1419893333325239 6920 6859 61 3726800 3693860 32940
2.9000000000000012 0 1 1598.8060800001256 2.9607520000002348 7323 7259 61 3944420 3909860 32940
3.0000000000000013 0 1 1826.9107199997891 3.3831679999996092 7726 7665 61 4162040 4129100 32940
3.1000000000000014 0 1 1167.845760000265 2.1626773333338249 8151 8085 61 4391540 4355900 32940
3.2000000000000015 0 1 964.31615999984967 1.7857706666663937 8574 8510 61 4619960 4585400 32940
3.3000000000000016 0 1 1962.9907199986815 3.6351679999975919 9010 8947 61 4855400 4821380 32940
3.4000000000000017 0 1 2330.0956799970636 4.3149919999945761 9473 9410 61 5105420 5071400 32940
3.5000000000000018 0 1 2742.6902400062636 5.0790560000115947 9930 9859 61 5352200 5313860 32940
3.6000000000000019 0 1 3178.5465600008865 5.8861973333349384 10388 10319 61 5599520 5562260 32940
3.700000000000002 0 1 6617.9663999949607 12.255493333323912 10858 10782 61 5853320 5812280 32940
3.800000000000002 0 1 9954.4319999920535 18.434133333318787 11328 11245 61 6107120 6062300 32940
3.9000000000000021 0 1 13870.0195199925 25.685221333319607 11801 11707 61 6362540 6311780 32940
4.0000000000000018 0 1 19298.957759992601 35.738810666652867 12273 12170 61 6617420 6561800 32940
4.1000000000000014 0 1 24714.083519994158 45.766821333323016 12743 12633 61 6871220 6811820 32940
4.2000000000000011 0 1 30092.207039996367 55.726309333326313 13216 13096 61 7126640 7061840 32940
4.3000000000000007 0 1 35000.363519996456 64.815487999993493 13690 13559 61 7382600 7311860 32940
4.4000000000000004 0 1 39729.565439996673 73.573269333326877 14163 14022 61 7638020 7561880 32940
4.5 0 1 44477.700479995874 82.366111999992327 14633 14485 63 7891820 7811900 34020
4.5999999999999996 0 1 46908.521279993816 86.867631999988504 15095 14948 69 8141300 8061920 37260
4.6999999999999993 0 1 23154.459839980809 42.878629333298001 15483 15411 71 8350820 8311940 38340
4.7999999999999989 0 1 1549.3132800015967 2.8690986666696197 15860 15775 71 8554400 8508500 38340
4.8999999999999986 0 1 3984.1430399949495 7.3780426666572918 16260 16189 71 8770400 8732060 38340
4.9999999999999982 0 1 522.54719999996814 0.96767999999994092 16684 16613 71 8999360 8961020 38340
5.0999999999999979 0 1 359.69472000040048 0.66610133333407495 17126 17053 71 9238040 9198620 38340
5.1999999999999975 0 1 458.88479999955848 0.84978666666584901 17554 17483 71 9469160 9430820 38340
5.2999999999999972 0 1 707.06592000028445 1.3093813333338613 17997 17924 71 9708380 9668960 38340
5.3999999999999968 0 1 756.30239999968092 1.4005599999994049 18439 18365 71 9947060 9907100 38340
5.4999999999999964 0 1 1470.0527999980814 2.7223199999964551 18889 18816 71 10190060 10150640 38340
5.5999999999999961 0 1 2680.2547199989567 4.9634346666647122 19349 19277 71 10438460 10399580 38340
5.6999999999999957 0 1 2845.5321600021407 5.2695040000039759 19821 19740 71 10693340 10649600 38340
5.7999999999999954 0 1 6422.4691199969657 11.893461333327718 20290 20203 71 10946600 10899620 38340
5.899999999999995 0 1 10445.169599997267 19.342906666661325 20761 20666 71 11200940 11149640 38340
5.9999999999999947 0 1 14993.930879997031 27.766538666661003 21231 21129 71 11454740 11399660 38340
6.0999999999999943 0 1 19506.222719997524 36.122634666662201 21703 21592 71 11709620 11649680 38340
6.199999999999994 0 1 23890.521599997159 44.241706666661891 22174 22055 71 11963960 11899700 38340
6.2999999999999936 0 1 28144.23551999771 52.118954666662667 22646 22518 71 12218840 12149720 38340
6.3999999999999932 0 1 32354.326079997525 59.915418666661708 23116 22981 71 12472640 12399740 38340
6.4999999999999929 0 1 36629.743679997366 67.832858666661849 23586 23444 71 12726440 12649760 38340
6.5999999999999925 0 1 40844.923199997698 75.638746666662655 24057 23907 71 12980780 12899780 38340
6.6999999999999922 0 1 44270.467199996747 81.982346666660845 24528 24370 74 13235120 13149800 39960
6.7999999999999918 0 1 43483.164479982857 80.524378666635045 24964 24833 79 13470560 13399820 42660
6.8999999999999915 0 1 19603.745279974857 36.303231999953582 25362 25283 79 13685480 13642820 42660
6.9999999999999911 0 1 5648.3308800061477 10.459872000011325 25797 25700 79 13920380 13868000 42660
7.0999999999999908 0 1 3590.6255999918317 6.6493066666514595 26221 26141 79 14149340 14106140 42660
7.1999999999999904 0 1 904.80959999924323 1.6755733333319494 26670 26590 79 14391800 14348600 42660
7.2999999999999901 0 1 1091.4566399990149 2.0212159999981854 27131 27052 79 14640740 14598080 42660
7.3999999999999897 0 1 1008.9446400016803 1.868416000003108 27591 27508 79 14889140 14844320 42660
7.4999999999999893 0 1 1474.6607999990765 2.7308533333316385 28052 27968 79 15138080 15092720 42660
7.599999999999989 0 1 3752.7465599985562 6.9495306666640193 28518 28431 79 15389720 15342740 42660
7.6999999999999886 0 1 6814.4716799980961 12.619391999996523 28988 28894 79 15643520 15592760 42660
7.7999999999999883 0 1 10441.370879998334 19.335871999996701 29458 29357 79 15897320 15842780 42660
7.8999999999999879 0 1 13985.455679998295 25.898991999996881 29928 29820 79 16151120 16092800 42660
7.9999999999999876 0 1 17497.065599998816 32.401973333331291 30399 30283 79 16405460 16342820 42660
8.0999999999999872 0 1 20988.152639997548 38.866949333328719 30867 30746 79 16658180 16592840 42660
8.1999999999999869 0 1 24611.823359994414 45.577450666656034 31336 31209 79 16911440 16842860 42660
8.2999999999999865 0 1 28134.999359993522 52.101850666654876 31805 31672 79 17164700 17092880 42660
8.3999999999999861 0 1 31466.89727999462 58.272031999989316 32275 32135 79 17418500 17342900 42660
8.4999999999999858 0 1 34726.348799994696 64.308053333323826 32746 32598 79 17672840 17592920 42660
8.5999999999999854 0 1 38085.114239993221 70.527989333321031 33214 33061 79 17925560 17842940 42660
8.6999999999999851 0 1 41518.448639992872 76.886015999986739 33682 33524 80 18178280 18092960 43200
8.7999999999999847 0 1 43640.481599993102 80.815706666654606 34152 33986 83 18432080 18342440 44820
8.8999999999999844 0 1 43551.192959982844 80.650357333301841 34607 34449 88 18677780 18592460 47520
8.999999999999984 0 1 16740.239039960044 31.000442666592644 34960 34857 89 18868400 18812780 48060
9.0999999999999837 0 1 5450.5987199945221 10.093701333323164 35396 35299 89 19103840 19051460 48060
9.1999999999999833 0 1 3621.1449600038022 6.7058240000070475 35812 35708 89 19328480 19272320 48060
9.2999999999999829 0 1 1529.9827199903982 2.8333013333155779 36217 36126 89 19547180 19498040 48060
9.3999999999999826 0 1 1221.9091199987417 2.2627946666643597 36641 36552 89 19776140 19728080 48060
9.4999999999999822 0 1 791.7321600011212 1.4661706666687431 37080 36989 89 20013200 19964060 48060
9.5999999999999819 0 1 1141.4764799993345 2.1138453333321192 37517 37427 89 20249180 20200580 48060
9.6999999999999815 0 1 1675.0713600026106 3.1019840000048515 37981 37886 89 20499740 20448440 48060
9.7999999999999812 0 1 1267.6463999998848 2.3474933333331278 38429 38334 89 20741660 20690360 48060
9.8999999999999808 0 1 1486.6415999987405 2.7530399999976849 38884 38791 89 20987360 20937140 48060
9.9999999999999805 0 1 2759.4374399950443 5.1100693333241587 39349 39254 89 21238460 21187160 48060
10.09999999999998 0 1 5348.8281599946276 9.9052373333234556 39819 39717 89 21492260 21437180 48060
10.19999999999998 0 1 9037.5379199953022 16.736181333324776 40289 40179 89 21746060 21686660 48060
10.299999999999979 0 1 13077.097919995293 24.216847999991607 40760 40642 89 22000400 21936680 48060
10.399999999999979 0 1 17059.682879994969 31.592005333323996 41230 41105 89 22254200 22186700 48060
10.499999999999979 0 1 21067.061759994933 39.013077333324162 41700 41568 89 22508000 22436720 48060
10.599999999999978 0 1 24998.391359995163 46.293317333324325 42170 42031 89 22761800 22686740 48060
10.699999999999978 0 1 28902.11039999441 53.522426666656592 42639 42494 89 23015060 22936760 48060
10.799999999999978 0 1 32746.360319995834 60.641407999992545 43110 42957 89 23269400 23186780 48060
10.899999999999977 0 1 36452.957759995683 67.505477333324833 43580 43420 89 23523200 23436800 48060
10.999999999999977 0 1 39873.916799994724 73.840586666657046 44049 43883 89 23776460 23686820 48060
11.099999999999977 0 1 43305.036479994043 80.194511999989189 44519 44346 91 24030260 23936840 49140
11.199999999999976 0 1 43904.381759978052 81.304410666624989 44968 44809 95 24272720 24186860 51300
11.299999999999976 0 1 26983.465919966777 49.969381333272302 45400 45272 96 24506000 24436880 51840
11.399999999999975 0 1 10685.350079977334 19.78768533329136 45835 45727 96 24740900 24682580 51840
11.499999999999975 0 1 5452.8883199957945 10.097941333325586 46278 46174 96 24980120 24923960 51840
11.599999999999975 0 1 2538.2879999860306 4.7005333333074786 46730 46633 96 25224200 25171820 51840
11.699999999999974 0 1 1767.5913600030574 3.2733173333390058 47197 47096 96 25476380 25421840 51840
11.799999999999974 0 1 1313.6313599913872 2.4326506666507171 47660 47559 96 25726400 25671860 51840
11.899999999999974 0 1 4011.6182399944864 7.4289226666564812 48128 48022 96 25979120 25921880 51840
11.999999999999973 0 1 6857.2022399945363 12.698522666656595 48596 48485 96 26231840 26171900 51840
12.099999999999973 0 1 9483.5030399945226 17.562042666656723 49064 48948 96 26484560 26421920 51840
12.199999999999973 0 1 12189.404159995671 22.57297066665836 49533 49411 96 26737820 26671940 51840
12.299999999999972 0 1 14863.199039994839 27.524442666656991 50001 49874 96 26990540 26921960 51840
12.399999999999972 0 1 17595.244799993088 32.583786666653978 50467 50337 96 27242180 27171980 51840
12.499999999999972 0 1 19845.282239994955 36.750522666657204 50935 50800 96 27494900 27422000 51840
12.599999999999971 0 1 22455.253439994984 41.583802666657327 51403 51263 96 27747620 27672020 51840
12.699999999999971 0 1 25073.389439995095 46.432202666657453 51871 51726 96 28000340 27922040 51840
12.799999999999971 0 1 27615.709439995218 51.140202666657586 52339 52189 96 28253060 28172060 51840
12.89999999999997 0 1 30267.688319994035 56.05127466665602 52806 52652 96 28505240 28422080 51840
12.99999999999997 0 1 32763.378239995214 60.672922666657811 53274 53115 96 28757960 28672100 51840
13.099999999999969 0 1 34802.979839994958 64.449962666657967 53742 53578 96 29010680 28922120 51840
13.199999999999969 0 1 37445.903999993447 69.344266666654576 54208 54041 96 29262320 29172140 51840
13.299999999999969 0 1 39981.176639995901 74.039215999991541 54675 54503 96 29514500 29421620 51840
13.399999999999968 0 1 42042.548159994833 77.856570666656509 55144 54966 98 29767760 29671640 52920
13.499999999999968 0 1 40074.41663997501 74.21188266662007 55594 55429 101 30010760 29921660 54540
13.599999999999968 0 1 30165.356159939187 55.861770666554627 56007 55892 102 30233780 30171680 55080
13.699999999999967 0 1 6252.8227199821713 11.579301333300288 56429 56327 102 30461660 30406580 55080
13.799999999999967 0 1 8049.5424000036601 14.906560000006728 56889 56779 102 30710060 30650660 55080
13.899999999999967 0 1 2335.7116799974192 4.3253919999952091 57348 57239 102 30957920 30899060 55080
13.999999999999966 0 1 3992.9241599967349 7.394303999993932 57814 57702 102 31209560 31149080 55080
14.099999999999966 0 1 6283.4313599946818 11.635983999990232 58281 58165 102 31461740 31399100 55080
14.199999999999966 0 1 8833.5734399958201 16.358469333325573 58749 58628 102 31714460 31649120 55080
14.299999999999965 0 1 11837.315519997068 21.920954666660968 59218 59091 102 31967720 31899140 55080
14.399999999999965 0 1 15362.824319997071 28.4496746666611 59687 59554 102 32220980 32149160 55080
14.499999999999964 0 1 18419.440319997364 34.110074666661255 60156 60017 102 32474240 32399180 55080
14.599999999999964 0 1 21516.88031999725 39.846074666661409 60625 60480 102 32727500 32649200 55080
14.699999999999964 0 1 24619.631039996308 45.591909333326178 61093 60943 102 32980220 32899220 55080
14.799999999999963 0 1 27542.675519997352 51.004954666661696 61562 61406 102 33233480 33149240 55080
14.899999999999963 0 1 30615.186239996008 56.694789333326419 62030 61869 102 33486200 33399260 55080
14.999999999999963 0 1 33515.982719997512 62.06663466666199 62499 62332 102 33739460 33649280 55080
15.099999999999962 0 1 36477.771839996611 67.551429333326666 62967 62795 102 33992180 33899300 55080
15.199999999999962 0 1 39009.594239996419 72.23998933332679 63435 63258 102 34244900 34149320 55080
15.299999999999962 0 1 41321.375999994554 76.521066666655869 63902 63721 103 34497080 34399340 55620
15.399999999999961 0 1 42690.73247999193 79.056911999984848 64369 64184 106 34749260 34649360 57240
15.499999999999961 0 1 28934.565119948449 53.582527999904578 64798 64647 107 34980920 34899380 57780
15.599999999999961 0 1 10426.64543996097 19.308602666594666 65237 65110 107 35217980 35149400 57780
15.69999999999996 0 1 8538.2323199705243 15.811541333278466 65684 65573 107 35459360 35399420 57780
15.79999999999996 0 1 5356.6272000178878 9.9196800000331287 66169 66036 107 35721260 35649440 57780
15.899999999999959 0 1 15649.329599999488 28.980239999998979 66639 66499 107 35975060 35899460 57780
15.999999999999959 0 1 18196.384319992212 33.697007999985004 67103 66962 107 36225620 36149480 57780
16.099999999999959 0 1 19492.001281021741 36.096298668558745 67569 67425 107 36477260 36399500 57780
16.19999999999996 0 1 21408.010562339208 39.644464004331937 68036 67888 107 36729440 36649520 57780
16.299999999999962 0 1 23280.891842331745 43.112762670984985 68503 68350 107 36981620 36899000 57780
16.399999999999963 0 1 25405.48224231022 47.047189337611471 68971 68813 107 37234340 37149020 57780
16.499999999999964 0 1 27568.091522330702 51.052021337649641 69436 69276 107 37485440 37399040 57780
16.599999999999966 0 1 29795.676482311024 55.177178670946745 69902 69739 107 37737080 37649060 57780
16.699999999999967 0 1 31933.909442253014 59.136869337505843 70370 70202 107 37989800 37899080 57780
16.799999999999969 0 1 33954.068162254436 62.877904004174916 70837 70665 107 38241980 38149100 57780
16.89999999999997 0 1 35948.266562235738 66.570864004139679 71304 71128 107 38494160 38399120 57780
16.999999999999972 0 1 38162.220482255609 70.670778670844413 71770 71591 107 38745800 38649140 57780
17.099999999999973 0 1 40326.284162205025 74.678304004083287 72237 72054 107 38997980 38899160 57780
17.199999999999974 0 1 41530.314242272572 76.907989337542105 72704 72517 109 39250160 39149180 58860
17.299999999999976 0 1 38950.574403305822 72.130693339455377 73152 72980 113 39492080 39399200 61020
17.399999999999977 0 1 21961.396805331533 40.669253343206428 73560 73443 113 39712400 39649220 61020
17.499999999999979 0 1 5027.7023994466299 9.310559998975247 74011 73879 113 39955940 39884660 61020
17.59999999999998 0 1 8232.6240025089755 15.24560000464621 74459 74342 113 40197860 40134680 61020
17.699999999999982 0 1 4805.3059218747185 8.8987146701383129 74930 74805 113 40452200 40384700 61020
17.799999999999983 0 1 8472.0960019700105 15.68906667031494 75399 75268 113 40705460 40634720 61020
17.899999999999984 0 1 10571.50368207931 19.576858670516913 75866 75731 113 40957640 40884740 61020
17.999999999999986 0 1 12854.969282062475 23.805498670486056 76333 76194 113 41209820 41134760 61020
18.099999999999987 0 1 15526.267201886467 28.752346670160005 76802 76657 113 41463080 41384780 61020
18.199999999999989 0 1 18210.300482026647 33.722778670419927 77269 77120 113 41715260 41634800 61020
18.29999999999999 0 1 20919.709441923431 38.740202670228626 77737 77583 113 41967980 41884820 61020
18.399999999999991 0 1 23495.85504190042 43.510842670185838 78205 78046 113 42220700 42134840 61020
18.499999999999993 0 1 26018.346241876814 48.182122670142242 78673 78509 113 42473420 42384860 61020
18.599999999999994 0 1 28643.480641854123 53.043482670100197 79141 78972 113 42726140 42634880 61020
18.699999999999996 0 1 31182.266881938453 57.744938670256474 79608 79435 113 42978320 42884900 61020
18.799999999999997 0 1 33791.149441812595 62.576202670022738 80076 79898 113 43231040 43134920 61020
18.899999999999999 0 1 36249.488641788608 67.128682669978161 80544 80361 113 43483760 43384940 61020
19 0 1 38726.585281885265 71.715898670158055 81011 80824 113 43735940 43634960 61020
19.100000000000001 0 1 41077.607041994517 76.069642670360565 81478 81287 114 43988120 43884980 61560
19.200000000000003 0 1 42636.516481975028 78.956512003658986 81946 81749 117 44240840 44134460 63180
19.300000000000004 0 1 35904.718086868525 66.490218679386516 82378 82212 120 44474120 44384480 64800
19.400000000000006 0 1 5937.6268849652297 10.995605342528116 82765 82628 120 44683100 44609120 64800
19.500000000000007 0 1 7996.4668815945479 14.80827200295295 83201 83072 120 44918540 44848880 64800
19.600000000000009 0 1 4355.5478397262623 8.0658293328264019 83666 83535 120 45169640 45098900 64800
19.70000000000001 0 1 2390.8464008339524 4.4274933348776893 84119 83992 120 45414260 45345680 64800
19.800000000000011 0 1 2506.9478418294671 4.6424960033878957 84581 84455 120 45663740 45595700 64800
19.900000000000013 0 1 3685.1385617835717 6.8243306699695792 85048 84918 120 45915920 45845720 64800
20.000000000000014 0 1 7057.6502414759671 13.069722669399928 85517 85381 120 46169180 46095740 64800
20.100000000000016 0 1 10182.73824129425 18.85692266906327 85987 85844 120 46422980 46345760 64800
20.200000000000017 0 1 13354.741441734528 24.731002669878816 86454 86307 120 46675160 46595780 64800
20.300000000000018 0 1 16591.458241399327 30.724922669258017 86923 86770 120 46928420 46845800 64800
20.40000000000002 0 1 19660.90464137137 36.409082669206342 87392 87233 120 47181680 47095820 64800
20.500000000000021 0 1 22721.019841343568 42.075962669154528 87861 87696 120 47434940 47345840 64800
20.600000000000023 0 1 25733.312641315213 47.654282669101988 88330 88159 120 47688200 47595860 64800
20.700000000000024 0 1 28555.525441646616 52.880602669716403 88797 88622 120 47940380 47845880 64800
20.800000000000026 0 1 31234.919041448025 57.842442669348443 89265 89085 120 48193100 48095900 64800
20.900000000000027 0 1 34197.618241238626 63.328922668960232 89734 89548 120 48446360 48345920 64800
21.000000000000028 0 1 37128.997441403306 68.757402669265929 90202 90011 120 48699080 48595940 64800
21.10000000000003 0 1 39916.650241183888 73.919722668858711 90671 90474 120 48952340 48845960 64800
21.200000000000031 0 1 42465.545281759674 78.639898669926623 91139 90937 122 49205060 49095980 65880
21.300000000000033 0 1 40975.136646491308 75.879882678687196 91585 91400 125 49445900 49346000 67500
21.400000000000034 0 1 21308.068812436817 39.459386689697851 92001 91863 126 49670540 49596020 68040
21.500000000000036 0 1 8303.7167984332209 15.377253330431943 92464 92318 126 49920560 49841720 68040
21.600000000000037 0 1 7925.0428821585174 14.676005337330556 92917 92778 126 50165180 50090120 68040
21.700000000000038 0 1 8066.8454399552456 14.938602666583805 93384 93241 126 50417360 50340140 68040
21.80000000000004 0 1 10270.039681494052 19.018592002766447 93851 93704 126 50669540 50590160 68040
21.900000000000041 0 1 11614.167361916823 21.507717336883104 94316 94167 126 50920640 50840180 68040
22.000000000000043 0 1 13322.053441228947 24.670469335609088 94784 94630 126 51173360 51090200 68040
22.100000000000044 0 1 16074.218881439871 29.767072002666207 95251 95093 126 51425540 51340220 68040
22.200000000000045 0 1 18734.495041188966 34.693509335535644 95719 95556 126 51678260 51590240 68040
22.300000000000047 0 1 21332.802241166501 39.505189335493192 96187 96019 126 51930980 51840260 68040
22.400000000000048 0 1 23857.626241142669 44.180789335449631 96655 96482 126 52183700 52090280 68040
22.50000000000005 0 1 26490.925441120035 49.05726933540771 97123 96945 126 52436420 52340300 68040
22.600000000000051 0 1 29122.001281352332 53.929632002503901 97590 97408 126 52688600 52590320 68040
22.700000000000053 0 1 31695.747841078351 58.695829335331119 98058 97871 126 52941320 52840340 68040
22.800000000000054 0 1 34177.377600786465 63.291440001456273 98526 98333 126 53194040 53089820 68040
22.900000000000055 0 1 36603.296641562207 67.783882669559034 98992 98796 126 53445680 53339840 68040
23.000000000000057 0 1 39152.738881283723 72.505072002377702 99459 99259 126 53697860 53589860 68040
23.100000000000058 0 1 41554.944001268057 76.953600002348651 99927 99722 127 53950580 53839880 68580
23.20000000000006 0 1 42531.28128208343 78.761632003859688 100395 100185 131 54203300 54089900 70740
23.300000000000061 0 1 36185.820492587496 67.010778689977641 100824 100648 133 54434960 54339920 71820
23.400000000000063 0 1 8577.5990522550128 15.88444268936121 101218 101080 133 54647720 54573200 71820
23.500000000000064 0 1 5817.9024019870621 10.773893337013075 101656 101523 133 54884240 54812420 71820
23.600000000000065 0 1 7693.5743956577717 14.247359991958827 102126 101978 133 55138040 55058120 71820
23.700000000000067 0 1 2583.5011229613419 4.7842613388172976 102577 102439 133 55381580 55307060 71820
23.800000000000068 0 1 3403.3420810178773 6.3024853352183099 103042 102902 133 55632680 55557080 71820
23.90000000000007 0 1 4361.5382414765409 8.0769226694010055 103508 103365 133 55884320 55807100 71820
24.000000000000071 0 1 7027.3670405684206 13.01364266771926 103977 103828 133 56137580 56057120 71820
24.100000000000072 0 1 1951.8278453955072 3.6144960099916741 104071 103938 133 56188340 56116520 71820
24.200000000000074 0 1 0.0 0.0 104071 103938 133 56188340 56116520 71820
24.300000000000075 0 1 0.0 0.0 104071 103938 133 56188340 56116520 71820
24.400000000000077 0 1 0.0 0.0 104071 103938 133 56188340 56116520 71820
24.500000000000078 0 1 0.0 0.0 104071 103938 133 56188340 56116520 71820
24.60000000000008 0 1 0.0 0.0 104071 103938 133 56188340 56116520 71820
24.700000000000081 0 1 0.0 0.0 104071 103938 133 56188340 56116520 71820
24.800000000000082 0 1 0.0 0.0 104071 103938 133 56188340 56116520 71820
24.900000000000084 0 1 0.0 0.0 104071 103938 133 56188340 56116520 71820
