0 2 3 0 0 0 0 0 0 0 0
0.10000000000000001 2 3 49.032533333333319 0.047146666666666656 3 3 0 2120 2120 0
0.20000000000000001 2 3 863.338666666667 0.83013333333333383 15 12 0 14600 11480 0
0.30000000000000004 2 3 3303.2618666666581 3.176213333333326 32 27 0 32280 27080 0
0.40000000000000002 2 3 4447.2063999999655 4.2761599999999671 50 45 0 51000 45800 0
0.5 2 3 4447.2063999999655 4.2761599999999671 68 63 0 69720 64520 0
0.59999999999999998 2 3 4446.485333333364 4.2754666666666976 86 82 0 88440 84280 0
0.69999999999999996 2 3 4445.5424000000694 4.2745600000000685 104 100 0 107160 103000 0
0.79999999999999993 2 3 4445.5424000000694 4.2745600000000685 122 118 0 125880 121720 0
0.89999999999999991 2 3 4445.5424000000694 4.2745600000000685 140 136 0 144600 140440 0
0.99999999999999989 2 3 4445.5424000000694 4.2745600000000685 158 154 0 163320 159160 0
1.0999999999999999 2 3 4445.542399999913 4.2745599999999149 176 172 0 182040 177880 0
1.2 2 3 4445.5423999998438 4.2745599999998483 194 190 0 200760 196600 0
1.3 2 3 4445.5423999998438 4.2745599999998483 212 208 0 219480 215320 0
1.4000000000000001 2 3 4445.5423999998438 4.2745599999998483 230 226 0 238200 234040 0
1.5000000000000002 2 3 4445.5423999998438 4.2745599999998483 248 244 0 256920 252760 0
1.6000000000000003 2 3 4445.5423999998438 4.2745599999998483 266 262 0 275640 271480 0
1.7000000000000004 2 3 4445.5423999998438 4.2745599999998483 284 280 0 294360 290200 0
1.8000000000000005 2 3 4445.5423999998438 4.2745599999998483 302 298 0 313080 308920 0
1.9000000000000006 2 3 4445.5423999998438 4.2745599999998483 320 316 0 331800 327640 0
2.0000000000000004 2 3 4445.5423999998438 4.2745599999998483 338 334 0 350520 346360 0
2.1000000000000005 2 3 4445.5423999998438 4.2745599999998483 356 352 0 369240 365080 0
2.2000000000000006 2 3 4445.5423999998438 4.2745599999998483 374 370 0 387960 383800 0
2.3000000000000007 2 3 4445.5423999998438 4.2745599999998483 392 388 0 406680 402520 0
2.4000000000000008 2 3 4445.5423999998438 4.2745599999998483 410 406 0 425400 421240 0
2.5000000000000009 2 3 4445.5423999998438 4.2745599999998483 428 424 0 444120 439960 0
2.600000000000001 2 3 4445.5423999998429 4.2745599999998483 446 442 0 462840 458680 0
2.7000000000000011 2 3 4445.5423999998438 4.2745599999998483 464 460 0 481560 477400 0
2.8000000000000012 2 3 4445.5423999998429 4.2745599999998483 482 478 0 500280 496120 0
2.9000000000000012 2 3 4445.5423999998438 4.2745599999998483 500 496 0 519000 514840 0
3.0000000000000013 2 3 4445.5423999998429 4.2745599999998483 518 514 0 537720 533560 0
3.1000000000000014 2 3 4772.9034666670768 4.842586666666806 539 533 0 558560 552320 0
3.2000000000000015 2 3 6944.0938666671054 6.6770133333337549 559 551 0 579360 571040 0
3.3000000000000016 2 3 9450.9098666680875 9.0874133333346983 582 569 0 603280 589760 0
3.4000000000000017 2 3 12922.18026666651 12.425173333333179 604 587 4 626160 608480 4160
3.5000000000000018 2 3 12872.925866666159 12.377813333332847 624 605 7 646960 627200 7280
3.6000000000000019 2 3 6876.4245333288391 6.6119466666623454 629 622 7 652160 644880 7280
3.700000000000002 2 3 1029.6831999999943 0.99007999999999452 636 629 7 659440 652160 7280
3.800000000000002 2 3 370.46186666704455 0.35621333333369665 651 643 7 675040 666720 7280
3.9000000000000021 2 3 582.8437333329058 0.56042666666625562 667 660 7 691680 684400 7280
4.0000000000000018 2 3 1755.8528000006077 1.6883200000005842 687 678 7 712480 703120 7280
4.1000000000000014 2 3 5362.2954666681444 5.1560533333347545 709 696 7 735360 721840 7280
4.2000000000000011 2 3 7008.4906666672869 6.7389333333339314 729 714 7 756160 740560 7280
4.3000000000000007 2 3 8262.1482666664779 7.9443733333331519 747 732 7 774880 759280 7280
4.4000000000000004 2 3 9499.221333333564 9.1338666666668864 766 750 7 794640 778000 7280
4.5 2 3 9770.1760000002432 9.3944000000002319 785 768 7 814400 796720 7280
4.5999999999999996 2 3 10680.384000000269 10.269600000000258 804 786 7 834160 815440 7280
4.6999999999999993 2 3 11663.142399999822 11.214559999999828 822 804 7 852880 834160 7280
4.7999999999999989 2 3 12448.106666666914 11.969333333333577 841 822 7 872640 852880 7280
4.8999999999999986 2 3 12800.430933333109 12.308106666666454 860 840 8 892400 871600 8320
4.9999999999999982 2 3 12757.610666666933 12.266933333333592 879 858 8 912160 890320 8320
5.0999999999999979 2 3 5642.3466666600343 5.4253333333269556 884 876 8 917360 909040 8320
5.1999999999999975 2 3 4763.0890666705764 4.5798933333370933 910 894 8 944400 927760 8320
5.2999999999999972 2 3 9275.3578666674439 8.9186133333340809 930 912 8 965200 946480 8320
5.3999999999999968 2 3 11198.498133333622 10.767786666666947 949 930 8 984960 965200 8320
5.4999999999999964 2 3 12413.218133333634 11.935786666666955 969 948 9 1005760 983920 9360
5.5999999999999961 2 3 12606.574933333104 12.121706666666448 988 966 10 1025520 1002640 10400
5.6999999999999957 2 3 12153.356799998073 11.685919999998143 1003 984 10 1041120 1021360 10400
5.7999999999999954 2 3 7556.5013333319639 7.265866666665354 1019 1002 10 1057760 1040080 10400
5.899999999999995 2 3 4693.6447999980264 4.5131199999981035 1034 1020 10 1073360 1058800 10400
5.9999999999999947 2 3 4761.0922666669358 4.5779733333335919 1053 1038 10 1093120 1077520 10400
6.0999999999999943 2 3 5979.9168000003165 5.7499200000003041 1072 1056 10 1112880 1096240 10400
6.199999999999994 2 3 6192.7423999997309 5.9545599999997414 1090 1074 10 1131600 1114960 10400
6.2999999999999936 2 3 7237.9008000003487 6.959520000000337 1109 1092 10 1151360 1133680 10400
6.3999999999999932 2 3 8279.5648000003603 7.9611200000003475 1128 1110 10 1171120 1152400 10400
6.4999999999999929 2 3 9205.8581333337079 8.8517866666670262 1147 1128 10 1190880 1171120 10400
6.5999999999999925 2 3 10173.751466667067 9.7824533333337182 1166 1146 10 1210640 1189840 10400
6.6999999999999922 2 3 11063.159466667088 10.637653333333736 1185 1164 10 1230400 1208560 10400
6.7999999999999918 2 3 11496.742399999768 11.054559999999775 1203 1182 10 1249120 1227280 10400
6.8999999999999915 2 3 12011.916800000448 11.549920000000432 1222 1200 10 1268880 1246000 10400
6.9999999999999911 2 3 12501.465600000451 12.020640000000434 1242 1218 11 1289680 1264720 11440
7.0999999999999908 2 3 12455.206399999754 11.976159999999759 1260 1236 11 1308400 1283440 11440
7.1999999999999904 2 3 10443.929599996922 10.04223999999704 1274 1254 11 1322960 1302160 11440
7.2999999999999901 2 3 9135.7482666664237 8.7843733333330984 1292 1272 11 1341680 1320880 11440
7.3999999999999897 2 3 9783.2661333338256 9.4069866666671391 1311 1290 11 1361440 1339600 11440
7.4999999999999893 2 3 10435.942399999763 10.034559999999768 1329 1308 11 1380160 1358320 11440
7.599999999999989 2 3 10789.265066666419 10.374293333333091 1348 1327 11 1399920 1378080 11440
7.6999999999999886 2 3 11554.538666667946 11.110133333334561 1368 1345 11 1420720 1396800 11440
7.7999999999999883 2 3 12454.707199998962 11.975679999998999 1385 1363 11 1438400 1415520 11440
7.8999999999999879 2 3 12556.377600000555 12.073440000000531 1405 1381 12 1459200 1434240 12480
7.9999999999999876 2 3 11877.077333331496 11.420266666664901 1421 1399 12 1475840 1452960 12480
8.0999999999999872 2 3 9768.1237333337031 9.3924266666670224 1438 1417 12 1493520 1471680 12480
8.1999999999999869 2 3 9392.7808000024215 9.0315200000023275 1457 1435 12 1513280 1490400 12480
8.2999999999999865 2 3 10373.542400001843 9.9745600000017731 1475 1453 12 1532000 1509120 12480
8.3999999999999861 2 3 10373.542400001839 9.9745600000017731 1493 1471 12 1550720 1527840 12480
8.4999999999999858 2 3 11439.223466668758 10.999253333335343 1512 1489 12 1570480 1546560 12480
8.5999999999999854 2 3 12270.946133335221 11.798986666668483 1531 1507 12 1590240 1565280 12480
8.6999999999999851 2 3 12557.542400001785 12.074560000001718 1550 1525 13 1610000 1584000 13520
8.7999999999999847 2 3 12515.942400001812 12.03456000000174 1568 1543 13 1628720 1602720 13520
8.8999999999999844 2 3 11454.698666669337 11.014133333335895 1584 1561 13 1645360 1621440 13520
8.999999999999984 2 3 9176.294400002258 8.8233600000021681 1601 1579 13 1663040 1640160 13520
9.0999999999999837 2 3 9984.6101333344322 9.6005866666677324 1620 1597 13 1682800 1658880 13520
9.1999999999999833 2 3 10874.01813333425 10.455786666667548 1639 1615 13 1702560 1677600 13520
9.2999999999999829 2 3 11496.742400001796 11.054560000001729 1657 1633 13 1721280 1696320 13520
9.3999999999999826 2 3 11801.975466667256 11.348053333333899 1676 1651 13 1741040 1715040 13520
9.4999999999999822 2 3 12453.542400001845 11.974560000001773 1695 1669 14 1760800 1733760 14560
9.5999999999999819 2 3 12515.94240000181 12.03456000000174 1713 1687 14 1779520 1752480 14560
9.6999999999999815 2 3 11019.340800006747 10.595520000006486 1728 1705 14 1795120 1771200 14560
9.7999999999999812 2 3 9135.7482666684464 8.7843733333350436 1746 1723 14 1813840 1789920 14560
9.8999999999999808 2 3 9594.1247999998013 9.2251199999998121 1765 1741 14 1833600 1808640 14560
9.9999999999999805 2 3 10435.942400001813 10.03456000000174 1783 1759 14 1852320 1827360 14560
