0 2 3 0 0 0 0 0 0 0 0
0.10000000000000001 2 3 49.032533333333319 0.047146666666666656 3 3 0 2120 2120 0
0.20000000000000001 2 3 863.338666666667 0.83013333333333383 15 12 0 14600 11480 0
0.30000000000000004 2 3 3303.2618666666581 3.176213333333326 32 27 0 32280 27080 0
0.40000000000000002 2 3 4447.2063999999655 4.2761599999999671 50 45 0 51000 45800 0
0.5 2 3 4447.2063999999655 4.2761599999999671 68 63 0 69720 64520 0
0.59999999999999998 2 3 4446.485333333364 4.2754666666666976 86 82 0 88440 84280 0
0.69999999999999996 2 3 4445.5424000000694 4.2745600000000685 104 100 0 107160 103000 0
0.79999999999999993 2 3 4445.5424000000694 4.2745600000000685 122 118 0 125880 121720 0
0.89999999999999991 2 3 4445.5424000000694 4.2745600000000685 140 136 0 144600 140440 0
0.99999999999999989 2 3 4445.5424000000694 4.2745600000000685 158 154 0 163320 159160 0
1.0999999999999999 2 3 4445.542399999913 4.2745599999999149 176 172 0 182040 177880 0
1.2 2 3 4445.5423999998438 4.2745599999998483 194 190 0 200760 196600 0
1.3 2 3 4445.5423999998438 4.2745599999998483 212 208 0 219480 215320 0
1.4000000000000001 2 3 4445.5423999998438 4.2745599999998483 230 226 0 238200 234040 0
1.5000000000000002 2 3 4445.5423999998438 4.2745599999998483 248 244 0 256920 252760 0
1.6000000000000003 2 3 4445.5423999998438 4.2745599999998483 266 262 0 275640 271480 0
1.7000000000000004 2 3 4445.5423999998438 4.2745599999998483 284 280 0 294360 290200 0
1.8000000000000005 2 3 4445.5423999998438 4.2745599999998483 302 298 0 313080 308920 0
1.9000000000000006 2 3 4445.5423999998438 4.2745599999998483 320 316 0 331800 327640 0
2.0000000000000004 2 3 4445.5423999998438 4.2745599999998483 338 334 0 350520 346360 0
2.1000000000000005 2 3 4445.5423999998438 4.2745599999998483 356 352 0 369240 365080 0
2.2000000000000006 2 3 4445.5423999998438 4.2745599999998483 374 370 0 387960 383800 0
2.3000000000000007 2 3 4445.5423999998438 4.2745599999998483 392 388 0 406680 402520 0
2.4000000000000008 2 3 4445.5423999998438 4.2745599999998483 410 406 0 425400 421240 0
2.5000000000000009 2 3 4445.5423999998438 4.2745599999998483 428 424 0 444120 439960 0
2.600000000000001 2 3 4445.5423999998429 4.2745599999998483 446 442 0 462840 458680 0
2.7000000000000011 2 3 4445.5423999998438 4.2745599999998483 464 460 0 481560 477400 0
2.8000000000000012 2 3 4445.5423999998429 4.2745599999998483 482 478 0 500280 496120 0
2.9000000000000012 2 3 4445.5423999998438 4.2745599999998483 500 496 0 519000 514840 0
3.0000000000000013 2 3 4445.5423999998429 4.2745599999998483 518 514 0 537720 533560 0
3.1000000000000014 2 3 4772.9034666670768 4.842586666666806 539 533 0 558560 552320 0
3.2000000000000015 2 3 6944.0938666671054 6.6770133333337549 559 551 0 579360 571040 0
3.3000000000000016 2 3 9450.9098666680875 9.0874133333346983 582 569 0 603280 589760 0
3.4000000000000017 2 3 12922.18026666651 12.425173333333179 604 587 4 626160 608480 4160
3.5000000000000018 2 3 12872.925866666159 12.377813333332847 624 605 7 646960 627200 7280
3.6000000000000019 2 3 6876.4245333288391 6.6119466666623454 629 622 7 652160 644880 7280
3.700000000000002 2 3 2129.975466666664 2.0480533333333311 639 632 7 662560 655280 7280
3.800000000000002 2 3 762.44480000039709 0.73312000000038169 657 649 7 681280 672960 7280
3.9000000000000021 2 3 2005.6746666676852 1.9285333333343129 678 667 7 703120 691680 7280
4.0000000000000018 2 3 4494.5194666668849 4.3216533333335434 697 685 7 722880 710400 7280
4.1000000000000014 2 3 5442.8330666669408 5.2334933333335973 716 703 7 742640 729120 7280
4.2000000000000011 2 3 6407.7866666673053 6.1613333333339471 736 721 7 763440 747840 7280
4.3000000000000007 2 3 8470.3146666673183 8.1445333333339605 756 739 7 784240 766560 7280
4.4000000000000004 2 3 10302.101333334009 9.9058666666673112 776 757 7 805040 785280 7280
4.5 2 3 11595.639466666034 11.149653333332722 793 775 7 822720 804000 7280
4.5999999999999996 2 3 12680.456533333592 12.192746666666919 812 793 7 842480 822720 7280
4.6999999999999993 2 3 12650.837333333599 12.164266666666926 831 811 7 862240 841440 7280
4.7999999999999989 2 3 13032.836266666451 12.531573333333128 850 829 8 882000 860160 8320
4.8999999999999986 2 3 12998.61333333262 12.498666666665983 867 847 8 899680 878880 8320
4.9999999999999982 2 3 4587.9253333277775 4.411466666661326 874 865 8 906960 897600 8320
5.0999999999999979 2 3 5896.2730666705129 5.6694933333370328 900 883 8 934000 916320 8320
5.1999999999999975 2 3 9673.220266667433 9.30117333333407 920 901 8 954800 935040 8320
5.2999999999999972 2 3 11436.893866666955 10.997013333333609 939 919 8 974560 953760 8320
5.3999999999999968 2 3 12577.399466665911 12.093653333332604 958 938 9 994320 973520 9360
5.4999999999999964 2 3 12835.652266666422 12.341973333333103 977 956 10 1014080 992240 10400
5.5999999999999961 2 3 11835.421866664754 11.380213333331493 992 974 10 1029680 1010960 10400
5.6999999999999957 2 3 9171.9680000002918 8.819200000000281 1011 992 10 1049440 1029680 10400
5.7999999999999954 2 3 9375.1423999997514 9.0145599999997614 1029 1010 10 1068160 1048400 10400
5.899999999999995 2 3 10199.210666666997 9.8069333333336495 1048 1028 10 1087920 1067120 10400
5.9999999999999947 2 3 11088.618666667015 10.662133333333667 1067 1046 10 1107680 1085840 10400
6.0999999999999943 2 3 11920.341333333703 11.461866666667021 1086 1064 10 1127440 1104560 10400
6.199999999999994 2 3 12536.742399999768 12.054559999999775 1105 1082 11 1147200 1123280 11440
6.2999999999999936 2 3 12453.54239999974 11.974559999999748 1123 1100 11 1165920 1142000 11440
6.3999999999999932 2 3 12515.942399999763 12.034559999999768 1141 1118 11 1184640 1160720 11440
6.4999999999999929 2 3 9763.5754666638695 9.3880533333306442 1155 1136 11 1199200 1179440 11440
6.5999999999999925 2 3 8861.6320000003998 8.520800000000385 1174 1154 11 1218960 1198160 11440
6.6999999999999922 2 3 9808.725333333754 9.4314666666670703 1193 1172 11 1238720 1216880 11440
6.7999999999999918 2 3 10640.448000000442 10.231200000000422 1212 1190 11 1258480 1235600 11440
6.8999999999999915 2 3 11434.342399999749 10.994559999999755 1230 1208 11 1277200 1254320 11440
6.9999999999999911 2 3 12428.970666667105 11.950933333333749 1249 1226 11 1296960 1273040 11440
7.0999999999999908 2 3 12557.542399999777 12.074559999999781 1268 1244 12 1316720 1291760 12480
7.1999999999999904 2 3 12557.542399999775 12.074559999999781 1286 1262 12 1335440 1310480 12480
7.2999999999999901 2 3 11325.516799996836 10.889919999996959 1300 1280 12 1350000 1329200 12480
7.3999999999999897 2 3 8450.346666667152 8.1253333333337991 1319 1298 12 1369760 1347920 12480
7.4999999999999893 2 3 9376.6400000004978 9.0160000000004779 1338 1316 12 1389520 1366640 12480
7.599999999999989 2 3 10373.54239999974 9.9745599999997481 1356 1334 12 1408240 1385360 12480
7.6999999999999886 2 3 11289.962666667199 10.855733333333845 1375 1352 12 1428000 1404080 12480
7.7999999999999883 2 3 12121.685333333888 11.655466666667197 1394 1370 12 1447760 1422800 12480
7.8999999999999879 2 3 12557.542399999771 12.074559999999781 1413 1388 13 1467520 1441520 13520
7.9999999999999876 2 3 12518.327466667237 12.036853333333884 1432 1406 13 1487280 1460240 13520
8.0999999999999872 2 3 12455.206400001318 11.976160000001268 1450 1424 13 1506000 1478960 13520
8.1999999999999869 2 3 8933.3503999981331 8.5897599999982024 1463 1442 13 1519520 1497680 13520
8.2999999999999865 2 3 9062.976000002378 8.7144000000022839 1482 1460 13 1539280 1516400 13520
8.3999999999999861 2 3 10010.069333335519 9.6250666666687739 1501 1478 13 1559040 1535120 13520
8.4999999999999858 2 3 10899.477333335333 10.480266666668589 1520 1496 13 1578800 1553840 13520
8.5999999999999854 2 3 11673.514666668458 11.224533333335053 1539 1514 13 1598560 1572560 13520
8.6999999999999851 2 3 12488.37546666832 12.008053333334921 1558 1532 13 1618320 1591280 13520
8.7999999999999847 2 3 12460.309333335352 11.981066666668603 1576 1550 14 1637040 1610000 14560
8.8999999999999844 2 3 12556.044800002373 12.07312000000228 1594 1569 14 1655760 1629760 14560
8.999999999999984 2 3 10518.47680000424 10.113920000004075 1608 1587 14 1670320 1648480 14560
9.0999999999999837 2 3 8670.8266666678974 8.3373333333345148 1627 1605 14 1690080 1667200 14560
9.1999999999999833 2 3 9619.4730666667674 9.2494933333334259 1647 1623 14 1710880 1685920 14560
9.2999999999999829 2 3 10430.506666667367 10.029333333334005 1666 1641 14 1730640 1704640 14560
9.3999999999999826 2 3 11413.542400001847 10.974560000001773 1684 1659 14 1749360 1723360 14560
9.4999999999999822 2 3 12281.429333333845 11.809066666667157 1703 1677 14 1769120 1742080 14560
9.5999999999999819 2 3 12557.542400001788 12.074560000001718 1722 1695 15 1788880 1760800 15600
9.6999999999999815 2 3 12557.542400001785 12.074560000001718 1740 1713 15 1807600 1779520 15600
9.7999999999999812 2 3 12245.875200007455 11.774880000007169 1755 1731 15 1823200 1798240 15600
9.8999999999999808 2 3 8318.8906666704115 7.9989333333369323 1772 1749 15 1840880 1816960 15600
9.9999999999999805 2 3 9243.5199999997749 8.8879999999997814 1791 1767 15 1860640 1835680 15600
