0 0 1 0 0 0 0 0 0 0 0
0.10000000000000001 0 1 1.2159999999998976 0.030399999999997443 20 20 0 800 800 0
0.20000000000000001 0 1 861.35039999998094 1.5950933333332973 60 60 0 22400 22400 0
0.30000000000000004 0 1 1856.9087999999558 3.4387199999999161 140 140 0 65600 65600 0
0.40000000000000002 0 1 7445.7705599997944 13.78846399999961 300 299 0 152000 151460 0
0.5 0 1 4504.0291200001193 8.3407946666668842 476 388 0 247040 199520 0
0.59999999999999998 0 1 25485.623999999025 47.195599999998194 654 637 0 343160 333980 0
0.69999999999999996 0 1 95392.716479999202 176.65317866666439 1260 1100 42 670400 584000 22680
0.79999999999999993 0 1 34288.424639991805 63.497082666650726 1669 1563 48 891260 834020 25920
0.89999999999999991 0 1 12910.507199994461 23.908346666656453 2028 1980 48 1085120 1059200 25920
0.99999999999999989 0 1 1442.6985599995744 2.6716639999992138 2387 2329 48 1278980 1247660 25920
1.0999999999999999 0 1 1644.3590399997456 3.0451093333328614 2735 2687 48 1466900 1440980 25920
1.2 0 1 280.5724799999951 0.51957866666665753 3101 3053 48 1664540 1638620 25920
1.3 0 1 1081.3996800003106 2.0025920000005764 3518 3470 48 1889720 1863800 25920
1.4000000000000001 0 1 819.84096000009674 1.5182240000001732 3909 3858 48 2100860 2073320 25920
1.5000000000000002 0 1 1685.1600000001522 3.1206666666669487 4285 4229 48 2303900 2273660 25920
1.6000000000000003 0 1 1961.2051199999858 3.6318613333333141 4670 4614 48 2511800 2481560 25920
1.7000000000000004 0 1 2815.2575999997021 5.2134399999994603 5074 5013 48 2729960 2697020 25920
1.8000000000000005 0 1 5884.7817599994887 10.89774399999903 5486 5436 48 2952440 2925440 25920
1.9000000000000006 0 1 1508.3827199999398 2.7933013333332242 5903 5854 48 3177620 3151160 25920
2.0000000000000004 0 1 847.20383999992771 1.5688959999998662 6349 6301 48 3418460 3392540 25920
2.1000000000000005 0 1 895.56479999950409 1.6584533333324176 6785 6735 48 3653900 3626900 25920
2.2000000000000006 0 1 1741.5647999956748 3.2251199999919917 7221 7168 48 3889340 3860720 25920
2.3000000000000007 0 1 2618.6889599977435 4.8494239999958166 7663 7606 48 4128020 4097240 25920
2.4000000000000008 0 1 3119.8089599996847 5.7774239999994439 8107 8053 48 4367780 4338620 25920
2.5000000000000009 0 1 3239.5219199997518 5.9991146666662445 8560 8508 48 4612400 4584320 25920
2.600000000000001 0 1 3838.7951999983716 7.108879999996967 9022 8971 48 4861880 4834340 25920
2.7000000000000011 0 1 3450.8534399921041 6.3904693333186504 9490 9434 48 5114600 5084360 25920
2.8000000000000012 0 1 7322.46335999232 13.560117333319239 9961 9897 48 5368940 5334380 25920
2.9000000000000012 0 1 11393.107199992652 21.098346666653011 10433 10360 48 5623820 5584400 25920
3.0000000000000013 0 1 15294.548159992581 28.323237333319764 10904 10823 48 5878160 5834420 25920
3.1000000000000014 0 1 18932.140799992354 35.059519999985675 11371 11286 48 6130340 6084440 25920
3.2000000000000015 0 1 21299.587199992075 39.443679999985783 11838 11749 48 6382520 6334460 25920
3.3000000000000016 0 1 23398.761599992369 43.331039999985755 12305 12212 48 6634700 6584480 25920
3.4000000000000017 0 1 25599.412799992475 47.406319999985712 12772 12675 48 6886880 6834500 25920
3.5000000000000018 0 1 27672.099839992537 51.244629333319416 13240 13138 48 7139600 7084520 25920
3.6000000000000019 0 1 29755.431359992439 55.102650666652004 13706 13601 48 7391240 7334540 25920
3.700000000000002 0 1 32049.73439999246 59.351359999985704 14173 14064 48 7643420 7584560 25920
3.800000000000002 0 1 34048.388159992035 63.052570666651953 14639 14527 48 7895060 7834580 25920
3.9000000000000021 0 1 36153.815039993067 66.951509333319578 15107 14990 48 8147780 8084600 25920
4.0000000000000018 0 1 38070.820799993169 70.501519999985859 15574 15453 48 8399960 8334620 25920
4.1000000000000014 0 1 40277.223359992946 74.587450666654178 16040 15916 48 8651600 8584640 25920
4.2000000000000011 0 1 42303.038399996418 78.338959999993094 16507 16379 48 8903780 8834660 25920
4.3000000000000007 0 1 44444.203199996286 82.304079999993192 16974 16842 48 9155960 9084680 25920
4.4000000000000004 0 1 46257.609599996475 85.662239999993304 17441 17305 48 9408140 9334700 25920
4.5 0 1 48407.031359996501 89.642650666659435 17907 17768 48 9659780 9584720 25920
4.5999999999999996 0 1 50401.316159995818 93.335770666659485 18373 18231 48 9911420 9834740 25920
4.6999999999999993 0 1 52468.706879997422 97.164271999994966 18841 18693 48 10164140 10084220 25920
4.7999999999999989 0 1 53453.335679994954 98.987658666657566 19306 19156 50 10415240 10334240 27000
4.8999999999999986 0 1 53453.399039993921 98.98777599998941 19768 19619 51 10664720 10584260 27540
4.9999999999999982 0 1 47876.99327998035 88.661098666630195 20197 20082 53 10896380 10834280 28620
5.0999999999999979 0 1 24772.440959978212 45.874890666626698 20621 20545 53 11125340 11084300 28620
5.1999999999999975 0 1 10412.591039996123 19.282575999992947 21088 21008 53 11377520 11334320 28620
5.2999999999999972 0 1 14269.705919995746 26.425381333325472 21553 21471 53 11628620 11584340 28620
5.3999999999999968 0 1 17273.903039997134 31.98870933332844 22021 21934 53 11881340 11834360 28620
5.4999999999999964 0 1 18829.854719996081 34.870101333325962 22486 22397 53 12132440 12084380 28620
5.5999999999999961 0 1 19767.46751999588 36.606421333326018 22951 22860 53 12383540 12334400 28620
5.6999999999999957 0 1 21262.008959996809 39.374090666660315 23417 23323 53 12635180 12584420 28620
5.7999999999999954 0 1 23426.588159996474 43.382570666660364 23883 23786 53 12886820 12834440 28620
5.899999999999995 0 1 25678.419839997747 47.552629333329037 24351 24249 53 13139540 13084460 28620
5.9999999999999947 0 1 27687.695039997881 51.273509333329187 24819 24712 53 13392260 13334480 28620
6.0999999999999943 0 1 29724.580799997282 55.04551999999498 25286 25175 53 13644440 13584500 28620
6.199999999999994 0 1 32015.871359996858 59.288650666660679 25752 25638 53 13896080 13834520 28620
6.2999999999999936 0 1 34138.460159996459 63.21937066666073 26218 26101 53 14147720 14084540 28620
6.3999999999999932 0 1 36238.2278399977 67.107829333329661 26686 26564 53 14400440 14334560 28620
6.4999999999999929 0 1 38130.863039997908 70.612709333329818 27154 27027 53 14653160 14584580 28620
6.5999999999999925 0 1 40294.768319996234 74.619941333326508 27619 27490 53 14904260 14834600 28620
6.6999999999999922 0 1 42393.072959997095 78.50569066666101 28085 27953 53 15155900 15084620 28620
6.7999999999999918 0 1 44527.487039998217 82.458309333330135 28553 28416 53 15408620 15334640 28620
6.8999999999999915 0 1 46329.143039998533 85.794709333330289 29021 28879 53 15661340 15584660 28620
6.9999999999999911 0 1 48409.58591999684 89.647381333326692 29486 29342 53 15912440 15834680 28620
7.0999999999999908 0 1 50487.888959996875 93.496090666661303 29952 29805 53 16164080 16084700 28620
7.1999999999999904 0 1 52548.474239998563 97.311989333330629 30420 30268 53 16416800 16334720 28620
7.2999999999999901 0 1 53661.893759995924 99.373877333326845 30887 30731 55 16668980 16584740 29700
7.3999999999999897 0 1 52513.116479979588 97.246511999962635 31330 31193 57 16908200 16834220 30780
7.4999999999999893 0 1 30573.812159961559 56.618170666595844 31748 31656 57 17133920 17084240 30780
7.599999999999989 0 1 18264.021119993893 33.82226133332199 32210 32119 57 17383400 17334260 30780
7.6999999999999886 0 1 22602.683520003273 41.856821333339241 32684 32582 57 17639360 17584280 30780
7.7999999999999883 0 1 25033.45535999682 46.358250666661846 33150 33045 57 17891000 17834300 30780
7.8999999999999879 0 1 26548.744319996498 49.164341333327123 33615 33508 57 18142100 18084320 30780
7.9999999999999876 0 1 27119.378879995897 50.221071999992368 34079 33971 57 18392660 18334340 30780
8.0999999999999872 0 1 28050.765119995103 51.945861333323919 34544 34434 57 18643760 18584360 30780
8.1999999999999869 0 1 29786.313599993671 55.159839999988698 35011 34897 57 18895940 18834380 30780
8.2999999999999865 0 1 31492.978559992884 58.320330666653938 35477 35360 57 19147580 19084400 30780
8.3999999999999861 0 1 33180.500159993273 61.445370666654007 35943 35823 57 19399220 19334420 30780
8.4999999999999858 0 1 34749.561599993438 64.351039999989013 36410 36286 57 19651400 19584440 30780
8.5999999999999854 0 1 36557.363519992745 67.698821333319216 36875 36749 57 19902500 19834460 30780
8.6999999999999851 0 1 38181.245759993159 70.706010666654223 37341 37212 57 20154140 20084480 30780
8.7999999999999847 0 1 39837.27455999353 73.772730666654283 37807 37675 57 20405780 20334500 30780
8.8999999999999844 0 1 41414.327999994559 76.693199999989389 38274 38138 57 20657960 20584520 30780
8.999999999999984 0 1 43110.501119992223 79.834261333319404 38739 38601 57 20909060 20834540 30780
9.0999999999999837 0 1 44742.375359993464 82.856250666654503 39205 39064 57 21160700 21084560 30780
9.1999999999999833 0 1 46366.911359993108 85.864650666654583 39671 39527 57 21412340 21334580 30780
9.2999999999999829 0 1 47913.465599994073 88.728639999989781 40138 39990 57 21664520 21584600 30780
9.3999999999999826 0 1 49574.992319992947 91.805541333319596 40603 40453 57 21915620 21834620 30780
9.4999999999999822 0 1 51176.367359994125 94.771050666654801 41069 40916 57 22167260 22084640 30780
9.5999999999999819 0 1 52619.840639992486 97.444149333319686 41535 41379 58 22418900 22334660 31320
9.6999999999999815 0 1 53444.306879993936 98.970938666654959 42002 41842 59 22671080 22584680 31860
9.7999999999999812 0 1 39960.126719956817 74.000234666586735 42433 42305 60 22903820 22834700 32400
9.8999999999999808 0 1 35361.190079986147 65.483685333307861 42892 42768 60 23151680 23084720 32400
9.9999999999999805 0 1 30154.628159984961 55.841903999972175 43350 43231 60 23399000 23334740 32400
10.09999999999998 0 1 32173.240319992765 59.580074666653324 43814 43693 60 23649560 23584220 32400
10.19999999999998 0 1 33617.85695999414 62.255290666655327 44280 44156 60 23901200 23834240 32400
10.299999999999979 0 1 34439.304959990433 63.776490666649323 44743 44619 60 24151220 24084260 32400
10.399999999999979 0 1 34839.305279991058 64.517231999984702 45207 45082 60 24401780 24334280 32400
10.499999999999979 0 1 35688.821759994171 66.090410666655544 45673 45545 60 24653420 24584300 32400
10.599999999999978 0 1 36970.05887999187 68.463071999984749 46137 46008 60 24903980 24834320 32400
10.699999999999978 0 1 38274.298559993898 70.878330666655671 46603 46471 60 25155620 25084340 32400
10.799999999999978 0 1 39512.07071999288 73.170501333320274 47068 46934 60 25406720 25334360 32400
10.899999999999977 0 1 40671.941759994581 75.318410666655836 47534 47397 60 25658360 25584380 32400
10.999999999999977 0 1 41867.21087999185 77.531871999984844 47998 47860 60 25908920 25834400 32400
11.099999999999977 0 1 43221.260159993668 80.039370666655969 48464 48323 60 26160560 26084420 32400
11.199999999999976 0 1 44406.717119992951 82.234661333320474 48929 48786 60 26411660 26334440 32400
11.299999999999976 0 1 45567.581759994304 84.384410666656123 49395 49249 60 26663300 26584460 32400
11.399999999999975 0 1 46734.036479991591 86.544511999984948 49859 49712 60 26913860 26834480 32400
11.499999999999975 0 1 48074.909759993716 89.027610666656258 50325 50175 60 27165500 27084500 32400
11.599999999999975 0 1 49247.709119993619 91.19946133332067 50790 50638 60 27416600 27334520 32400
11.699999999999974 0 1 50372.242559995044 93.281930666656422 51256 51101 60 27668240 27584540 32400
11.799999999999974 0 1 51567.036479992166 95.49451199998505 51720 51564 60 27918800 27834560 32400
11.899999999999974 0 1 52422.62111999168 97.078927999985055 52186 52027 62 28170440 28084580 33480
11.999999999999973 0 1 48142.169279957307 89.152165333254871 52625 52490 63 28407500 28334600 34020
12.099999999999973 0 1 37279.223999983449 69.035599999970344 53083 52953 63 28654820 28584620 34020
12.199999999999973 0 1 39690.711359997011 73.501317333327535 53551 53416 63 28907540 28834640 34020
12.299999999999972 0 1 34618.872959975743 64.10902399995507 54003 53879 63 29151620 29084660 34020
12.399999999999972 0 1 33512.693759992035 62.060543999985136 54467 54342 63 29402180 29334680 34020
12.499999999999972 0 1 34306.557119993209 63.530661333321092 54932 54805 63 29653280 29584700 34020
12.599999999999971 0 1 34593.269759990406 64.061610666649315 55395 55268 63 29903300 29834720 34020
12.699999999999971 0 1 35724.234239997561 66.155989333329032 55863 55731 63 30156020 30084740 34020
12.799999999999971 0 1 37294.649279992052 69.06416533331867 56326 56193 63 30406040 30334220 34020
12.89999999999997 0 1 37907.70911999356 70.199461333321324 56791 56656 63 30657140 30584240 34020
12.99999999999997 0 1 38705.650559990783 71.677130666649333 57254 57119 63 30907160 30834260 34020
13.099999999999969 0 1 39569.569919993286 73.276981333321388 57719 57582 63 31158260 31084280 34020
13.199999999999969 0 1 40316.244479992682 74.659711999985376 58183 58045 63 31408820 31334300 34020
13.299999999999969 0 1 41219.72351999372 76.33282133332149 58648 58508 63 31659920 31584320 34020
13.399999999999968 0 1 41976.982079992078 77.735151999985433 59112 58971 63 31910480 31834340 34020
13.499999999999968 0 1 42859.379519993636 79.36922133332159 59577 59434 63 32161580 32084360 34020
13.599999999999968 0 1 43588.20671999365 80.718901333321654 60042 59897 63 32412680 32334380 34020
13.699999999999967 0 1 44478.564479991815 82.367711999985517 60506 60360 63 32663240 32584400 34020
13.799999999999967 0 1 45226.140479992449 83.75211199998553 60970 60823 63 32913800 32834420 34020
13.899999999999967 0 1 46109.531519993827 85.388021333321774 61435 61286 63 33164900 33084440 34020
13.999999999999966 0 1 46479.804479992279 86.073711999985591 61899 61749 63 33415460 33334460 34020
14.099999999999966 0 1 47518.98047999222 87.998111999985596 62363 62212 63 33666020 33584480 34020
14.199999999999966 0 1 48234.280319993421 89.322741333321929 62828 62675 63 33917120 33834500 34020
14.299999999999965 0 1 48937.446719993786 90.624901333321986 63293 63138 63 34168220 34084520 34020
14.399999999999965 0 1 49714.669439991005 92.064202666649322 63756 63601 63 34418240 34334540 34020
14.499999999999964 0 1 50718.280319993792 93.922741333322051 64221 64064 63 34669340 34584560 34020
14.599999999999964 0 1 51080.64767999274 94.593791999985726 64685 64527 63 34919900 34834580 34020
14.699999999999964 0 1 51157.143359991176 94.735450666649328 65149 64990 64 35170460 35084600 34560
14.799999999999963 0 1 50531.399999970403 93.576666666611757 65601 65453 65 35414540 35334620 35100
14.899999999999963 0 1 45293.31647999258 83.876511999985794 66065 65916 65 35665100 35584640 35100
14.999999999999963 0 1 39022.997759964783 72.264810666601448 66513 66379 65 35907020 35834660 35100
15.099999999999962 0 1 36695.612159988457 67.954837333312369 66975 66842 65 36156500 36084680 35100
15.199999999999962 0 1 36894.539519994614 68.323221333322437 67440 67305 65 36407600 36334700 35100
15.299999999999962 0 1 37976.878079992384 70.3275519999859 67904 67768 65 36658160 36584720 35100
15.399999999999961 0 1 38808.434879992477 71.867471999985909 68368 68231 65 36908720 36834740 35100
15.499999999999961 0 1 39743.602559995968 73.599263999992559 68833 68693 65 37159820 37084220 35100
15.599999999999961 0 1 40606.320959996468 75.1968906666593 69299 69156 65 37411460 37334240 35100
15.69999999999996 0 1 41791.685759990833 77.392010666649341 69762 69619 65 37661480 37584260 35100
15.79999999999996 0 1 43155.682559995599 79.917930666659402 70228 70082 65 37913120 37834280 35100
15.899999999999959 0 1 44421.318719994182 82.261701333322762 70693 70545 65 38164220 38084300 35100
15.999999999999959 0 1 45506.66975999617 84.271610666659555 71159 71008 65 38415860 38334320 35100
16.099999999999959 0 1 46657.356481019757 86.402512001888411 71623 71471 65 38666420 38584340 35100
16.19999999999996 0 1 48015.645122342241 88.917861337669976 72088 71934 65 38917520 38834360 35100
16.299999999999962 0 1 48722.310722354465 90.22650133769406 72553 72397 65 39168620 39084380 35100
16.399999999999963 0 1 49424.310722342532 91.526501337671974 73018 72860 65 39419720 39334400 35100
16.499999999999964 0 1 50254.669442362552 93.064202671041215 73481 73323 65 39669740 39584420 35100
16.599999999999966 0 1 51201.645122331167 94.817861337649816 73946 73786 65 39920840 39834440 35100
16.699999999999967 0 1 51768.806402341223 95.868160004336744 74411 74249 66 40171940 40084460 35640
16.799999999999969 0 1 51979.838402335321 96.258960004323569 74876 74712 67 40423040 40334480 36180
16.89999999999997 0 1 47721.447363111241 88.373050672428292 75315 75175 67 40660100 40584500 36180
16.999999999999972 0 1 40333.03488218315 74.690805337376503 75783 75638 67 40912820 40834520 36180
17.099999999999973 0 1 40361.065922597183 74.742714671476776 76240 76101 67 41159600 41084540 36180
17.199999999999974 0 1 39087.803522271613 72.384821337539904 76705 76564 67 41410700 41334560 36180
17.299999999999976 0 1 40463.772482315449 74.932912004288184 77169 77027 67 41661260 41584580 36180
17.399999999999977 0 1 40978.068482311362 75.885312004279612 77633 77490 67 41911820 41834600 36180
17.499999999999979 0 1 41497.153922246915 76.846581337494598 78098 77953 67 42162920 42084620 36180
17.59999999999998 0 1 42252.727682298857 78.245792004258007 78562 78416 67 42413480 42334640 36180
17.699999999999982 0 1 43211.422082297715 80.021152004256166 79026 78879 67 42664040 42584660 36180
17.799999999999983 0 1 44037.141122223737 81.550261337451261 79491 79342 67 42915140 42834680 36180
17.899999999999984 0 1 44760.136322212129 82.889141337429493 79956 79805 67 43166240 43084700 36180
17.999999999999986 0 1 45499.553282281631 84.258432004225384 80420 80268 67 43416800 43334720 36180
18.099999999999987 0 1 46453.582082280358 86.025152004223472 80884 80731 67 43667360 43584740 36180
18.199999999999989 0 1 47273.276162092799 87.54310400387584 81349 81193 67 43918460 43834220 36180
18.29999999999999 0 1 47981.08512217219 88.853861337355568 81814 81656 67 44169560 44084240 36180
18.399999999999991 0 1 48725.372162357889 90.23217067103441 82277 82119 67 44419580 44334260 36180
18.499999999999993 0 1 49675.913282262038 91.992432004190491 82741 82582 67 44670140 44584280 36180
18.599999999999994 0 1 50465.128322152443 93.453941337319563 83206 83045 67 44921240 44834300 36180
18.699999999999996 0 1 51161.29632213997 94.743141337297388 83671 83508 67 45172340 45084320 36180
18.799999999999997 0 1 51564.173762359562 95.489210671036517 84135 83971 68 45422900 45334340 36720
18.899999999999999 0 1 49928.601603921168 92.46037334059551 84586 84434 69 45666440 45584360 37260
19 0 1 44958.591363116655 83.256650672438241 85043 84897 69 45913220 45834380 37260
19.100000000000001 0 1 42764.103361851376 79.19278400342894 85510 85360 69 46165400 46084400 37260
19.200000000000003 0 1 38328.177603527132 70.97810667319915 85964 85823 69 46410560 46334420 37260
19.300000000000004 0 1 39849.327361953619 73.795050670284027 86430 86286 69 46662200 46584440 37260
19.400000000000006 0 1 41098.979522080284 76.109221337185829 86895 86749 69 46913300 46834460 37260
19.500000000000007 0 1 41855.374082216331 77.509952004104719 87359 87212 69 47163860 47084480 37260
19.600000000000009 0 1 42544.630082212527 78.786352004098802 87823 87675 69 47414420 47334500 37260
19.70000000000001 0 1 43278.549122054406 80.145461337137036 88288 88138 69 47665520 47584520 37260
19.800000000000011 0 1 44003.877122042308 81.488661337115303 88753 88601 69 47916620 47834540 37260
19.900000000000013 0 1 44867.753282197169 83.088432004068537 89217 89064 69 48167180 48084560 37260
20.000000000000014 0 1 45791.455682196021 84.798992004066179 89681 89527 69 48417740 48334580 37260
20.100000000000016 0 1 46520.536322018721 86.149141337071612 90146 89990 69 48668840 48584600 37260
20.200000000000017 0 1 47231.867522006956 87.466421337049667 90611 90453 69 48919940 48834620 37260
20.300000000000018 0 1 48097.082882179726 89.068672004035648 91075 90916 69 49170500 49084640 37260
20.40000000000002 0 1 49016.119682177443 90.770592004033219 91539 91379 69 49421060 49334660 37260
20.500000000000021 0 1 49720.53312198264 92.07506133700555 92004 91842 69 49672160 49584680 37260
20.600000000000023 0 1 50417.916482167566 93.366512004013543 92468 92305 69 49922720 49834700 37260
20.700000000000024 0 1 51334.620482166218 95.064112004011065 92932 92768 69 50173280 50084720 37260
20.800000000000026 0 1 51765.868802160432 95.862720004001247 93397 93231 70 50424380 50334740 37800
20.900000000000027 0 1 47840.952965885874 88.594357344233799 93843 93693 71 50665220 50584220 38340
21.000000000000028 0 1 41998.129921714528 77.774314669842042 94309 94156 71 50916860 50834240 38340
21.10000000000003 0 1 44167.91328541837 81.792432010033821 94758 94619 71 51159320 51084260 38340
21.200000000000031 0 1 30521.551684762297 56.521392008818424 95210 95082 71 51403400 51334280 38340
21.300000000000033 0 1 37239.874558325224 68.962730663564983 95691 95545 71 51663140 51584300 38340
21.400000000000034 0 1 40911.793921901728 75.762581336855732 96156 96008 71 51914240 51834320 38340
21.500000000000036 0 1 41651.556482126063 77.13251200393799 96620 96471 71 52164800 52084340 38340
21.600000000000037 0 1 42621.91488212478 78.92947200393634 97084 96934 71 52415360 52334360 38340
21.700000000000038 0 1 42986.911682119244 79.605392003925502 97548 97397 71 52665920 52584380 38340
21.80000000000004 0 1 43600.950721867019 80.742501336790113 98013 97860 71 52917020 52834400 38340
21.900000000000041 0 1 44388.708482109039 82.201312003905826 98477 98323 71 53167580 53084420 38340
22.000000000000043 0 1 45331.073282107827 83.946432003903752 98941 98786 71 53418140 53334440 38340
22.100000000000044 0 1 46122.275521842865 85.411621336746492 99406 99249 71 53669240 53584460 38340
22.200000000000045 0 1 46837.105921831455 86.7353813367246 99871 99712 71 53920340 53834480 38340
22.300000000000047 0 1 47620.370882091418 88.185872003872973 100335 100175 71 54170900 54084500 38340
22.400000000000048 0 1 48559.23648209012 89.924512003870845 100799 100638 71 54421460 54334520 38340
22.50000000000005 0 1 49330.437121806586 91.352661336680555 101264 101101 71 54672560 54584540 38340
22.600000000000051 0 1 50028.937921795616 92.646181336658415 101729 101564 71 54923660 54834560 38340
22.700000000000053 0 1 50832.204482073314 94.133712003839818 102193 102027 71 55174220 55084580 38340
22.800000000000054 0 1 51767.570882072025 95.865872003837637 102657 102490 71 55424780 55334600 38340
22.900000000000055 0 1 51986.534402065685 96.271360003824583 103122 102953 72 55675880 55584620 38880
23.000000000000057 0 1 49140.792005056232 91.001466676030219 103577 103416 73 55921580 55834640 39420
23.100000000000058 0 1 40257.480971504629 74.550890687971474 104010 103879 73 56155400 56084660 39420
23.20000000000006 0 1 32557.391998638228 60.291466664144934 104485 104342 73 56411900 56334680 39420
23.300000000000061 0 1 38970.596161424117 72.167770669305256 104951 104805 73 56663540 56584700 39420
23.400000000000063 0 1 40464.4953614107 74.934250669278811 105417 105268 73 56915180 56834720 39420
23.500000000000064 0 1 41405.656321715862 76.677141336511397 105882 105731 73 57166280 57084740 39420
23.600000000000065 0 1 42173.133121699393 78.098394669814184 106346 106193 73 57416840 57334220 39420
23.700000000000067 0 1 42694.626242356986 79.064122671033033 106809 106656 73 57666860 57584240 39420
23.800000000000068 0 1 43574.76000202803 80.694000003754411 107273 107119 73 57917420 57834260 39420
23.90000000000007 0 1 44300.099521682394 82.03722133644888 107738 107582 73 58168520 58084280 39420
24.000000000000071 0 1 45020.761921670863 83.371781336427077 108203 108045 73 58419620 58334300 39420
24.100000000000072 0 1 13407.805470470093 24.829269389759435 108296 108223 73 58469840 58430420 39420
24.200000000000074 0 1 0.0 0.0 108296 108223 73 58469840 58430420 39420
24.300000000000075 0 1 0.0 0.0 108296 108223 73 58469840 58430420 39420
24.400000000000077 0 1 0.0 0.0 108296 108223 73 58469840 58430420 39420
24.500000000000078 0 1 0.0 0.0 108296 108223 73 58469840 58430420 39420
24.60000000000008 0 1 0.0 0.0 108296 108223 73 58469840 58430420 39420
24.700000000000081 0 1 0.0 0.0 108296 108223 73 58469840 58430420 39420
24.800000000000082 0 1 0.0 0.0 108296 108223 73 58469840 58430420 39420
24.900000000000084 0 1 0.0 0.0 108296 108223 73 58469840 58430420 39420
