0 2 3 0 0 0 0 0 0 0 0
0.10000000000000001 2 3 49.032533333333319 0.047146666666666656 3 3 0 2120 2120 0
0.20000000000000001 2 3 863.338666666667 0.83013333333333383 15 12 0 14600 11480 0
0.30000000000000004 2 3 3303.2618666666581 3.176213333333326 32 27 0 32280 27080 0
0.40000000000000002 2 3 4447.2063999999655 4.2761599999999671 50 45 0 51000 45800 0
0.5 2 3 4447.2063999999655 4.2761599999999671 68 63 0 69720 64520 0
0.59999999999999998 2 3 4446.485333333364 4.2754666666666976 86 82 0 88440 84280 0
0.69999999999999996 2 3 4445.5424000000694 4.2745600000000685 104 100 0 107160 103000 0
0.79999999999999993 2 3 4445.5424000000694 4.2745600000000685 122 118 0 125880 121720 0
0.89999999999999991 2 3 4445.5424000000694 4.2745600000000685 140 136 0 144600 140440 0
0.99999999999999989 2 3 4445.5424000000694 4.2745600000000685 158 154 0 163320 159160 0
1.0999999999999999 2 3 4445.542399999913 4.2745599999999149 176 172 0 182040 177880 0
1.2 2 3 4445.5423999998438 4.2745599999998483 194 190 0 200760 196600 0
1.3 2 3 4445.5423999998438 4.2745599999998483 212 208 0 219480 215320 0
1.4000000000000001 2 3 4445.5423999998438 4.2745599999998483 230 226 0 238200 234040 0
1.5000000000000002 2 3 4445.5423999998438 4.2745599999998483 248 244 0 256920 252760 0
1.6000000000000003 2 3 4445.5423999998438 4.2745599999998483 266 262 0 275640 271480 0
1.7000000000000004 2 3 4445.5423999998438 4.2745599999998483 284 280 0 294360 290200 0
1.8000000000000005 2 3 4445.5423999998438 4.2745599999998483 302 298 0 313080 308920 0
1.9000000000000006 2 3 4445.5423999998438 4.2745599999998483 320 316 0 331800 327640 0
2.0000000000000004 2 3 4445.5423999998438 4.2745599999998483 338 334 0 350520 346360 0
2.1000000000000005 2 3 4445.5423999998438 4.2745599999998483 356 352 0 369240 365080 0
2.2000000000000006 2 3 4445.5423999998438 4.2745599999998483 374 370 0 387960 383800 0
2.3000000000000007 2 3 4445.5423999998438 4.2745599999998483 392 388 0 406680 402520 0
2.4000000000000008 2 3 4445.5423999998438 4.2745599999998483 410 406 0 425400 421240 0
2.5000000000000009 2 3 4445.5423999998438 4.2745599999998483 428 424 0 444120 439960 0
2.600000000000001 2 3 4445.5423999998429 4.2745599999998483 446 442 0 462840 458680 0
2.7000000000000011 2 3 4445.5423999998438 4.2745599999998483 464 460 0 481560 477400 0
2.8000000000000012 2 3 4445.5423999998429 4.2745599999998483 482 478 0 500280 496120 0
2.9000000000000012 2 3 4445.5423999998438 4.2745599999998483 500 496 0 519000 514840 0
3.0000000000000013 2 3 4445.5423999998429 4.2745599999998483 518 514 0 537720 533560 0
3.1000000000000014 2 3 4772.9034666670768 4.842586666666806 539 533 0 558560 552320 0
3.2000000000000015 2 3 6944.0938666671054 6.6770133333337549 559 551 0 579360 571040 0
3.3000000000000016 2 3 9450.9098666680875 9.0874133333346983 582 569 0 603280 589760 0
3.4000000000000017 2 3 12922.18026666651 12.425173333333179 604 587 4 626160 608480 4160
3.5000000000000018 2 3 12872.925866666159 12.377813333332847 624 605 7 646960 627200 7280
3.6000000000000019 2 3 6876.4245333288391 6.6119466666623454 629 622 7 652160 644880 7280
3.700000000000002 2 3 1029.6831999999943 0.99007999999999452 636 629 7 659440 652160 7280
3.800000000000002 2 3 370.46186666704455 0.35621333333369665 651 643 7 675040 666720 7280
3.9000000000000021 2 3 582.8437333329058 0.56042666666625562 667 660 7 691680 684400 7280
4.0000000000000018 2 3 1755.8528000006077 1.6883200000005842 687 678 7 712480 703120 7280
4.1000000000000014 2 3 5362.2954666681444 5.1560533333347545 709 696 7 735360 721840 7280
4.2000000000000011 2 3 7008.4906666672869 6.7389333333339314 729 714 7 756160 740560 7280
4.3000000000000007 2 3 8262.1482666664779 7.9443733333331519 747 732 7 774880 759280 7280
4.4000000000000004 2 3 9499.221333333564 9.1338666666668864 766 750 7 794640 778000 7280
4.5 2 3 9770.1760000002432 9.3944000000002319 785 768 7 814400 796720 7280
4.5999999999999996 2 3 10680.384000000269 10.269600000000258 804 786 7 834160 815440 7280
4.6999999999999993 2 3 11663.142399999822 11.214559999999828 822 804 7 852880 834160 7280
4.7999999999999989 2 3 12448.106666666914 11.969333333333577 841 822 7 872640 852880 7280
4.8999999999999986 2 3 12800.430933333109 12.308106666666454 860 840 8 892400 871600 8320
4.9999999999999982 2 3 12757.610666666933 12.266933333333592 879 858 8 912160 890320 8320
5.0999999999999979 2 3 5642.3466666600343 5.4253333333269556 884 876 8 917360 909040 8320
5.1999999999999975 2 3 4763.0890666705764 4.5798933333370933 910 894 8 944400 927760 8320
5.2999999999999972 2 3 9275.3578666674439 8.9186133333340809 930 912 8 965200 946480 8320
5.3999999999999968 2 3 11198.498133333622 10.767786666666947 949 930 8 984960 965200 8320
5.4999999999999964 2 3 12413.218133333634 11.935786666666955 969 948 9 1005760 983920 9360
5.5999999999999961 2 3 12606.574933333104 12.121706666666448 988 966 10 1025520 1002640 10400
5.6999999999999957 2 3 12153.356799998073 11.685919999998143 1003 984 10 1041120 1021360 10400
5.7999999999999954 2 3 7556.5013333319639 7.265866666665354 1019 1002 10 1057760 1040080 10400
5.899999999999995 2 3 4693.6447999980264 4.5131199999981035 1034 1020 10 1073360 1058800 10400
5.9999999999999947 2 3 4761.0922666669358 4.5779733333335919 1053 1038 10 1093120 1077520 10400
6.0999999999999943 2 3 5979.9168000003165 5.7499200000003041 1072 1056 10 1112880 1096240 10400
6.199999999999994 2 3 6192.7423999997309 5.9545599999997414 1090 1074 10 1131600 1114960 10400
6.2999999999999936 2 3 7237.9008000003487 6.959520000000337 1109 1092 10 1151360 1133680 10400
6.3999999999999932 2 3 8279.5648000003603 7.9611200000003475 1128 1110 10 1171120 1152400 10400
6.4999999999999929 2 3 9205.8581333337079 8.8517866666670262 1147 1128 10 1190880 1171120 10400
6.5999999999999925 2 3 10173.751466667067 9.7824533333337182 1166 1146 10 1210640 1189840 10400
6.6999999999999922 2 3 11063.159466667088 10.637653333333736 1185 1164 10 1230400 1208560 10400
6.7999999999999918 2 3 11496.742399999768 11.054559999999775 1203 1182 10 1249120 1227280 10400
6.8999999999999915 2 3 11776.516266666427 11.323573333333107 1222 1200 11 1268880 1246000 11440
6.9999999999999911 2 3 11689.877333334483 11.24026666666777 1242 1218 11 1289680 1264720 11440
7.0999999999999908 2 3 12455.206399999754 11.976159999999759 1260 1236 11 1308400 1283440 11440
7.1999999999999904 2 3 8913.6597333295431 8.570826666663022 1273 1254 11 1321920 1302160 11440
7.2999999999999901 2 3 9009.2288000004701 8.6627200000004514 1292 1272 11 1341680 1320880 11440
7.3999999999999897 2 3 9956.3221333338224 9.5733866666671368 1311 1290 11 1361440 1339600 11440
7.4999999999999893 2 3 10788.044800000514 10.37312000000049 1330 1308 11 1381200 1358320 11440
7.599999999999989 2 3 11256.904533332332 10.823946666665702 1349 1327 12 1400960 1378080 12480
7.6999999999999886 2 3 11450.649600000508 11.01024000000049 1368 1345 12 1420720 1396800 12480
7.7999999999999883 2 3 9451.0207999973991 9.0875199999974985 1383 1363 12 1436320 1415520 12480
7.8999999999999879 2 3 8314.3423999997431 7.9945599999997548 1401 1381 12 1455040 1434240 12480
7.9999999999999876 2 3 9136.2474666672115 8.7848533333338583 1420 1399 12 1474800 1452960 12480
8.0999999999999872 2 3 10025.655466668724 9.6400533333353149 1439 1417 12 1494560 1471680 12480
8.1999999999999869 2 3 10915.063466669144 10.495253333335716 1458 1435 12 1514320 1490400 12480
8.2999999999999865 2 3 11496.742400001796 11.054560000001729 1476 1453 12 1533040 1509120 12480
8.3999999999999861 2 3 11488.089600001789 11.04624000000172 1495 1471 13 1552800 1527840 13520
8.4999999999999858 2 3 11413.542400001845 10.974560000001773 1513 1489 13 1571520 1546560 13520
8.5999999999999854 2 3 8566.6048000014598 8.2371200000014007 1528 1507 13 1587120 1565280 13520
8.6999999999999851 2 3 8314.3424000018367 7.994560000001762 1546 1525 13 1605840 1584000 13520
8.7999999999999847 2 3 9207.244800001632 8.8531200000015673 1565 1543 13 1625600 1602720 13520
8.8999999999999844 2 3 10021.828266668555 9.6363733333351558 1584 1561 14 1645360 1621440 14560
8.999999999999984 2 3 9946.060800001238 9.563520000001196 1603 1579 14 1665120 1640160 14560
9.0999999999999837 2 3 6440.2346666740923 6.1925333333404753 1613 1597 14 1675520 1658880 14560
9.1999999999999833 2 3 4665.2458666636348 4.4858133333304178 1633 1613 14 1696320 1675520 14560
9.2999999999999829 2 3 6725.6661333331622 6.4669866666665019 1653 1631 14 1717120 1694240 14560
9.3999999999999826 2 3 8760.2389333339797 8.4233066666672887 1672 1649 14 1736880 1712960 14560
9.4999999999999822 2 3 10701.51679999931 10.289919999999332 1692 1667 14 1757680 1731680 14560
9.5999999999999819 2 3 11781.230933335124 11.328106666668388 1711 1685 15 1777440 1750400 15600
9.6999999999999815 2 3 11824.772266670145 11.369973333336679 1729 1703 16 1796160 1769120 16640
9.7999999999999812 2 3 5782.5109333433584 5.5601066666763028 1742 1721 16 1809680 1787840 16640
9.8999999999999808 2 3 5209.3738666665377 5.0090133333332076 1761 1739 16 1829440 1806560 16640
9.9999999999999805 2 3 5100.8256000058691 4.9046400000056423 1777 1757 16 1846080 1825280 16640
