0 0 1 0 0 0 0 0 0 0 0
0.10000000000000001 0 1 1.2159999999998976 0.030399999999997443 20 20 0 800 800 0
0.20000000000000001 0 1 3272.9770666666673 3.147093333333336 60 60 0 42400 42400 0
0.30000000000000004 0 1 6887.6288000008908 6.6227200000008635 140 140 0 125600 125600 0
0.40000000000000002 0 1 14249.347839999135 13.701295999999159 300 221 0 292000 209840 0
0.5 0 1 17492.93866666907 16.820133333335651 388 344 0 383520 337760 0
0.59999999999999998 0 1 95205.477119988558 91.543727999989187 632 584 20 637280 587360 20800
0.69999999999999996 0 1 49778.576639981453 47.864015999981689 1114 825 233 1138560 838000 242320
0.79999999999999993 0 1 17582.672639987912 16.906415999988401 1220 939 281 1248800 956560 292240
0.89999999999999991 0 1 0.0 0.0 1226 945 281 1255040 962800 292240
0.99999999999999989 0 1 0.0 0.0 1230 949 281 1259200 966960 292240
1.0999999999999999 0 1 10.383360000000687 0.0099840000000006607 1242 961 281 1271680 979440 292240
1.2 0 1 59.51018666672136 0.057221333333385922 1270 989 281 1300800 1008560 292240
1.3 0 1 197.44469333347396 0.18985066666680189 1311 1028 281 1343440 1049120 292240
1.4000000000000001 0 1 533.98869333326979 0.51345066666660566 1379 1098 281 1414160 1121920 292240
1.5000000000000002 0 1 1188.5175466673588 1.1428053333339971 1494 1213 281 1533760 1241520 292240
1.6000000000000003 0 1 1460.8200533331653 1.4046346666665053 1629 1348 281 1674160 1381920 292240
1.7000000000000004 0 1 1767.4730666663454 1.6994933333330249 1773 1492 281 1823920 1531680 292240
1.8000000000000005 0 1 496.07167999787788 0.47699199999795949 1935 1654 281 1992400 1700160 292240
1.9000000000000006 0 1 591.42442666601096 0.56867733333270276 2095 1812 281 2158800 1864480 292240
2.0000000000000004 0 1 525.14175999779593 0.50494399999788064 2247 1966 281 2316880 2024640 292240
2.1000000000000005 0 1 1578.919679999902 1.5181919999999081 2431 2149 281 2508240 2214960 292240
2.2000000000000006 0 1 1849.9187199997059 1.7787679999997181 2632 2351 281 2717280 2425040 292240
2.3000000000000007 0 1 1948.3665066666451 1.8734293333333147 2839 2556 281 2932560 2638240 292240
2.4000000000000008 0 1 1737.1050666655988 1.6702933333323096 3054 2771 281 3156160 2861840 292240
2.5000000000000009 0 1 4093.7173333312298 3.9362666666646504 3293 3009 281 3404720 3109360 292240
2.600000000000001 0 1 5579.6416000013396 5.365040000001291 3536 3244 281 3657440 3353760 292240
2.7000000000000011 0 1 16019.072853317617 15.402954666651535 3788 3485 281 3919520 3604400 292240
2.8000000000000012 0 1 31122.20799998127 29.925199999982119 4043 3725 281 4184720 3854000 292240
2.9000000000000012 0 1 46146.663679982456 44.371791999983131 4298 3965 281 4449920 4103600 292240
3.0000000000000013 0 1 58268.504319977394 56.027407999978209 4553 4206 299 4715120 4354240 310960
3.1000000000000014 0 1 26831.595093302087 25.799610666636678 4806 4446 341 4978240 4603840 354640
3.2000000000000015 0 1 3914.4268799872266 3.7638719999877166 4938 4596 341 5115520 4759840 354640
3.3000000000000016 0 1 671.36298666613663 0.6455413333328236 5061 4720 341 5243440 4888800 354640
3.4000000000000017 0 1 688.76287999994554 0.66227199999994768 5159 4818 341 5345360 4990720 354640
3.5000000000000018 0 1 2457.3286399995891 2.3628159999996057 5273 4932 341 5463920 5109280 354640
3.6000000000000019 0 1 2833.7919999997775 2.7247999999997874 5400 5059 341 5596000 5241360 354640
3.700000000000002 0 1 3697.1750400084306 3.5549760000081068 5535 5176 341 5736400 5363040 354640
3.800000000000002 0 1 3335.7542399931281 3.2074559999933889 5654 5307 341 5860160 5499280 354640
3.9000000000000021 0 1 8131.4244266634532 7.8186773333302302 5812 5469 341 6024480 5667760 354640
4.0000000000000018 0 1 1680.7176533322695 1.6160746666656425 5976 5635 341 6195040 5840400 354640
4.1000000000000014 0 1 4270.1568001029582 4.1059200000989957 6187 5846 341 6414480 6059840 354640
4.2000000000000011 0 1 5786.7263999989773 5.5641599999990117 6402 6045 341 6638080 6266800 354640
4.3000000000000007 0 1 5090.664106675762 4.8948693333420756 6589 6237 341 6832560 6466480 354640
4.4000000000000004 0 1 6625.448960009272 6.3706240000088732 6793 6448 341 7044720 6685920 354640
4.5 0 1 6005.5867733401283 5.7746026666731902 7020 6674 341 7280800 6920960 354640
4.5999999999999996 0 1 10713.813760065137 10.3017440000626 7262 6914 341 7532480 7170560 354640
4.6999999999999993 0 1 15236.016640282496 14.650016000271629 7520 7154 341 7800800 7420160 354640
4.7999999999999989 0 1 29242.276266941844 28.117573333597882 7771 7395 341 8061840 7670800 354640
4.8999999999999986 0 1 41443.367680268064 39.849392000257886 8020 7635 341 8320800 7920400 354640
4.9999999999999982 0 1 53336.158720254934 51.284768000244853 8273 7876 342 8583920 8171040 355680
5.0999999999999979 0 1 37944.513707106853 36.485109333756554 8525 8116 388 8846000 8420640 403520
5.1999999999999975 0 1 10533.181013598456 10.1280586669216 8671 8283 388 8997840 8594320 403520
5.2999999999999972 0 1 558.97088000057579 0.53747200000055362 8791 8403 388 9122640 8719120 403520
5.3999999999999968 0 1 953.5385600014115 0.91686400000135715 8913 8525 388 9249520 8846000 403520
5.4999999999999964 0 1 2214.4456533389393 2.1292746666720572 9029 8641 388 9370160 8966640 403520
5.5999999999999961 0 1 973.11829328810961 0.93569066662318234 9124 8729 388 9468960 9058160 403520
5.6999999999999957 0 1 1718.6568533555776 1.6525546666880566 9226 8834 388 9575040 9167360 403520
5.7999999999999954 0 1 4572.1062400329201 4.3962560000316557 9359 8970 388 9713360 9308800 403520
5.899999999999995 0 1 4559.8037333512912 4.3844266666839342 9527 9139 388 9888080 9484560 403520
5.9999999999999947 0 1 7680.6523733456179 7.3852426666784776 9734 9346 388 10103360 9699840 403520
6.0999999999999943 0 1 851.47989332024792 0.81873066665408456 9911 9521 388 10287440 9881840 403520
6.199999999999994 0 1 1432.5265066547847 1.3774293333219094 10088 9696 388 10471520 10063840 403520
6.2999999999999936 0 1 3503.3412266642194 3.3685973333309724 10280 9887 388 10671200 10262480 403520
6.3999999999999932 0 1 5925.3597866930404 5.6974613333586825 10486 10096 388 10885440 10479840 403520
6.4999999999999929 0 1 6967.8557866804003 6.6998613333465391 10713 10324 388 11121520 10716960 403520
6.5999999999999925 0 1 8061.3977599217833 7.7513439999247877 10966 10564 388 11384640 10966560 403520
6.6999999999999922 0 1 10751.253760263866 10.337744000253714 11209 10804 388 11637360 11216160 403520
6.7999999999999918 0 1 26863.98762683403 25.83075733349424 11466 11045 388 11904640 11466800 403520
6.8999999999999915 0 1 42554.886400157855 40.918160000151737 11721 11285 388 12169840 11716400 403520
6.9999999999999911 0 1 57033.744213526072 54.840138666852106 11976 11525 393 12435040 11966000 408720
7.0999999999999908 0 1 35603.598507400231 34.234229334038758 12229 11766 446 12698160 12216640 463840
7.1999999999999904 0 1 8069.1852803347401 7.7588320003218501 12371 11925 446 12845840 12382000 463840
7.2999999999999901 0 1 800.38400000082174 0.76960000000079021 12484 12038 446 12963360 12499520 463840
7.3999999999999897 0 1 1184.5683200012111 1.1390080000011644 12588 12142 446 13071520 12607680 463840
7.4999999999999893 0 1 2694.2822400048813 2.5906560000046945 12692 12246 446 13179680 12715840 463840
7.599999999999989 0 1 1361.1630932436346 1.308810666580418 12794 12341 446 13285760 12814640 463840
7.6999999999999886 0 1 1684.3618132865799 1.6195786666217118 12887 12430 446 13382480 12907200 463840
7.7999999999999883 0 1 6179.1918934718224 5.9415306667998227 12997 12550 446 13496880 13032000 463840
7.8999999999999879 0 1 6973.4801066952468 6.7052693333608167 13161 12715 446 13667440 13203600 463840
7.9999999999999876 0 1 9155.5165866848074 8.803381333350778 13370 12924 446 13884800 13420960 463840
8.0999999999999872 0 1 1258.8049065649659 1.210389333235544 13558 13108 446 14080320 13612320 463840
8.1999999999999869 0 1 2679.6168532371407 2.5765546665741739 13735 13281 446 14264400 13792240 463840
8.2999999999999865 0 1 4742.7993598891626 4.560383999893423 13921 13466 446 14457840 13984640 463840
8.3999999999999861 0 1 8102.5429333579223 7.7909066666903035 14123 13672 446 14667920 14198880 463840
8.4999999999999858 0 1 9326.8586666926294 8.9681333333582955 14344 13896 446 14897760 14431840 463840
8.5999999999999854 0 1 10927.953919944435 10.507647999946565 14589 14137 446 15152560 14682480 463840
8.6999999999999851 0 1 11059.487572883505 10.634122666234111 14839 14377 446 15412560 14932080 463840
8.7999999999999847 0 1 26384.256426150143 25.369477332836716 15096 14617 446 15679840 15181680 463840
8.8999999999999844 0 1 41860.232959532288 40.250223999550236 15351 14858 446 15945040 15432320 463840
8.999999999999984 0 1 56499.26741291528 54.326218666264836 15606 15098 451 16210240 15681920 469040
9.0999999999999837 0 1 34888.13397329743 33.546282666632187 15860 15339 503 16474400 15932560 523120
9.1999999999999833 0 1 9300.7116799440628 8.942991999946198 16004 15501 503 16624160 16101040 523120
9.2999999999999829 0 1 778.75199999908193 0.74879999999911728 16123 15620 503 16747920 16224800 523120
9.3999999999999826 0 1 1159.4751999986513 1.1148799999987031 16227 15724 503 16856080 16332960 523120
9.4999999999999822 0 1 2909.3431466623215 2.7974453333291569 16334 15831 503 16967360 16444240 523120
9.5999999999999819 0 1 1812.2069332804749 1.7425066666158413 16441 15928 503 17078640 16545120 523120
9.6999999999999815 0 1 1482.1081599995518 1.4251039999995692 16530 16018 503 17171200 16638720 523120
9.7999999999999812 0 1 5920.0405333659555 5.6923466666980387 16643 16140 503 17288720 16765600 523120
9.8999999999999808 0 1 6220.3204266554048 5.98107733332251 16807 16304 503 17459280 16936160 523120
9.9999999999999805 0 1 5907.2554666496335 5.6800533333169616 17011 16508 503 17671440 17148320 523120
10.09999999999998 0 1 3449.7493333057323 3.3170666666401281 17202 16694 503 17870080 17341760 523120
10.19999999999998 0 1 3739.8621866467734 3.5960213333142073 17379 16868 503 18054160 17522720 523120
10.299999999999979 0 1 4678.5911466596945 4.4986453333266301 17567 17056 503 18249680 17718240 523120
10.399999999999979 0 1 7316.8076800110748 7.0353920000106456 17772 17265 503 18462880 17935600 523120
10.499999999999979 0 1 8779.7742933334066 8.4420906666667275 17997 17492 503 18696880 18171680 523120
10.599999999999978 0 1 10621.833386628488 10.213301333296627 18243 17732 503 18952720 18421280 523120
10.699999999999978 0 1 14713.642666270935 14.147733332952811 18497 17973 503 19216880 18671920 523120
10.799999999999978 0 1 30019.281066282252 28.864693332963732 18751 18213 503 19481040 18921520 523120
10.899999999999977 0 1 43560.308479632011 41.884911999646029 19006 18454 503 19746240 19172160 523120
10.999999999999977 0 1 57006.698666328797 54.814133333008549 19260 18694 515 20010400 19421760 535600
11.099999999999977 0 1 28861.697279690346 27.75163199970229 19512 18934 560 20272480 19671360 582400
11.199999999999976 0 1 5431.6454398866936 5.2227359998910581 19628 19068 560 20393120 19810720 582400
11.299999999999976 0 1 743.27551999911475 0.71468799999914878 19745 19185 560 20514800 19932400 582400
11.399999999999975 0 1 937.09823999888806 0.90105599999893082 19849 19289 560 20622960 20040560 582400
11.499999999999975 0 1 2841.3021866582867 2.7320213333252772 19966 19406 560 20744640 20162240 582400
11.599999999999975 0 1 2879.0417066733762 2.7683093333397855 20094 19529 560 20877760 20290160 582400
11.699999999999974 0 1 2346.8002133421178 2.2565386666751133 20200 19627 560 20988000 20392080 582400
11.799999999999974 0 1 5493.562879971164 5.2822719999722709 20321 19756 560 21113840 20526240 582400
11.899999999999974 0 1 7899.0634666394617 7.5952533333071681 20469 19909 560 21267760 20685360 582400
11.999999999999973 0 1 11300.556799986665 10.865919999987174 20681 20121 560 21488240 20905840 582400
12.099999999999973 0 1 3348.1787733412962 3.2194026666743207 20894 20329 560 21709760 21122160 582400
12.199999999999973 0 1 3117.5095466620637 2.9976053333289094 21082 20517 560 21905280 21317680 582400
12.299999999999972 0 1 4477.9072000019478 4.305680000001872 21286 20717 560 22117440 21525680 582400
12.399999999999972 0 1 7910.9832533152148 7.6067146666492302 21501 20936 560 22341040 21753440 582400
12.499999999999972 0 1 8109.6426666531306 7.7977333333203189 21737 21174 560 22586480 22000960 582400
12.599999999999971 0 1 11708.902399996619 11.258559999996761 21991 21414 560 22850640 22250560 582400
12.699999999999971 0 1 25282.721706369477 24.310309333047591 22248 21655 560 23117920 22501200 582400
12.799999999999971 0 1 42060.489813044958 40.442778666389273 22501 21895 560 23381040 22750800 582400
12.89999999999997 0 1 55670.517759721988 53.529343999732426 22755 22135 562 23645200 23000400 584480
12.99999999999997 0 1 37340.165546128577 35.904005332815977 23010 22376 614 23910400 23251040 638560
13.099999999999969 0 1 10555.833599693735 10.149839999705499 23170 22556 614 24076800 23438240 638560
13.199999999999969 0 1 312.36607999961706 0.30035199999963175 23283 22669 614 24194320 23555760 638560
13.299999999999969 0 1 549.45279999886111 0.52831999999890489 23395 22781 614 24310800 23672240 638560
13.399999999999968 0 1 1199.2614399944841 1.1531359999946962 23502 22888 614 24422080 23783520 638560
13.499999999999968 0 1 1032.5896533962216 0.9928746667271362 23599 22977 614 24522960 23876080 638560
13.599999999999968 0 1 1383.9931732972382 1.3307626666319596 23691 23073 614 24618640 23975920 638560
13.699999999999967 0 1 4513.2505599568676 4.3396639999585291 23811 23197 614 24743440 24104880 638560
13.799999999999967 0 1 5679.1654399814524 5.4607359999821643 23982 23368 614 24921280 24282720 638560
13.899999999999967 0 1 10376.343466647446 9.9772533333148417 24188 23574 614 25135520 24496960 638560
13.999999999999966 0 1 1167.773013348585 1.1228586666813318 24358 23742 614 25312320 24671680 638560
14.099999999999966 0 1 1370.3927466646469 1.3176853333313912 24531 23915 614 25492240 24851600 638560
14.199999999999966 0 1 3504.3507200272556 3.3695680000262072 24719 24099 614 25687760 25042960 638560
14.299999999999965 0 1 6624.0733866424216 6.3693013333100135 24920 24302 614 25896800 25254080 638560
14.399999999999965 0 1 8594.0386133000848 8.2634986666346979 25138 24523 614 26123520 25483920 638560
14.499999999999964 0 1 8667.7094400784481 8.3343360000754299 25389 24764 614 26384560 25734560 638560
14.599999999999964 0 1 6322.1572266828543 6.078997333348898 25631 25003 614 26636240 25983120 638560
14.699999999999964 0 1 22202.535679843259 21.348591999849273 25885 25244 614 26900400 26233760 638560
14.799999999999963 0 1 34838.835199777452 33.498879999785963 26137 25484 614 27162480 26483360 638560
14.899999999999963 0 1 47609.924266468457 45.778773333142823 26390 25724 614 27425600 26732960 638560
14.999999999999963 0 1 54028.809812824911 51.950778666177889 26646 25965 644 27691840 26983600 669760
15.099999999999962 0 1 23136.411305937796 22.246549332632444 26880 26205 670 27935200 27233200 696800
15.199999999999962 0 1 158.59583992500234 0.15249599992788687 26992 26322 670 28051680 27354880 696800
15.299999999999962 0 1 54.512639999923543 0.052415999999926487 27053 26383 670 28115120 27418320 696800
15.399999999999961 0 1 967.38303999800394 0.93017599999808076 27102 26432 670 28166080 27469280 696800
15.499999999999961 0 1 462.9580799959117 0.44515199999606891 27187 26517 670 28254480 27557680 696800
15.599999999999961 0 1 1161.4054399682245 1.1167359999694466 27290 26620 670 28361600 27664800 696800
15.69999999999996 0 1 3423.4470399793881 3.2917759999801826 27418 26748 670 28494720 27797920 696800
15.79999999999996 0 1 1886.831786812402 1.8142613334734634 27553 26873 670 28635120 27927920 696800
15.899999999999959 0 1 1584.1945599394635 1.5232639999417916 27670 26994 670 28756800 28053760 696800
15.999999999999959 0 1 2464.8443732562459 2.370042666592544 27807 27135 670 28899280 28200400 696800
16.099999999999959 0 1 1786.0821334242651 1.7173866667541009 27952 27282 670 29050080 28353280 696800
16.19999999999996 0 1 4736.7035734136471 4.5545226667438916 28143 27473 670 29248720 28551920 696800
16.299999999999962 0 1 6205.0171736560342 5.9663626669769565 28362 27684 670 29476480 28771360 696800
16.399999999999963 0 1 4347.7546667427141 4.1805333334064558 28548 27865 670 29669920 28959600 696800
16.499999999999964 0 1 6810.1695999801868 6.5482399999809493 28745 28066 670 29874800 29168640 696800
16.599999999999966 0 1 8464.1190399936204 8.1385759999938667 28962 28286 670 30100480 29397440 696800
16.699999999999967 0 1 9942.0505602228968 9.5596640002143545 29199 28526 670 30346960 29647040 696800
16.799999999999969 0 1 10409.928534401961 10.009546667694238 29453 28767 670 30611120 29897680 696800
16.89999999999997 0 1 24600.858881051838 23.654672001011345 29710 29007 670 30878400 30147280 696800
16.999999999999972 0 1 41337.365334316775 39.747466667612279 29964 29248 670 31142560 30397920 696800
17.099999999999973 0 1 57310.423040944792 55.106176000908533 30219 29488 673 31407760 30647520 699920
17.199999999999974 0 1 37229.58720096296 35.797680000925943 30474 29728 729 31672960 30897120 758160
17.299999999999976 0 1 8817.8244272202046 8.4786773338655976 30624 29895 729 31828960 31070800 758160
17.399999999999977 0 1 265.64096000087341 0.25542400000083981 30746 30017 729 31955840 31197680 758160
17.499999999999979 0 1 349.57312000110579 0.33612800000106324 30851 30122 729 32065040 31306880 758160
17.59999999999998 0 1 2150.4149333505275 2.0677066666831996 30954 30225 729 32172160 31414000 758160
17.699999999999982 0 1 1388.9740799496935 1.3355519999516285 31049 30313 729 32270960 31505520 758160
17.799999999999983 0 1 1505.0380800288378 1.4471520000277287 31137 30403 729 32362480 31599120 758160
17.899999999999984 0 1 4651.0408534175031 4.4721546667475991 31256 30527 729 32486240 31728080 758160
17.999999999999986 0 1 6601.7314133765158 6.3478186667081875 31426 30697 729 32663040 31904880 758160
18.099999999999987 0 1 4691.4538667011884 4.5110133333665274 31617 30888 729 32861680 32103520 758160
18.199999999999989 0 1 1305.9515732757388 1.2557226666112875 31799 31063 729 33050960 32285520 758160
18.29999999999999 0 1 2680.5708800041448 2.5774720000039855 31963 31226 729 33221520 32455040 758160
18.399999999999991 0 1 5001.6401066947055 4.8092693333602936 32144 31408 729 33409760 32644320 758160
18.499999999999993 0 1 6631.9829333796943 6.3769066667112444 32340 31607 729 33613600 32851280 758160
18.599999999999994 0 1 7257.3474133782884 6.9782186667098927 32553 31823 729 33835120 33075920 758160
18.699999999999996 0 1 9443.5993599968606 9.0803839999969806 32796 32063 729 34087840 33325520 758160
18.799999999999997 0 1 6513.2565332535487 6.2627466665899512 33042 32298 729 34343680 33569920 758160
18.899999999999999 0 1 17508.585814031685 16.835178667338202 33288 32538 729 34599520 33819520 758160
19 0 1 28352.452267431083 27.26197333406834 33542 32778 729 34863680 34069120 758160
19.100000000000001 0 1 42938.737920722822 41.287248000695072 33797 33019 729 35128880 34319760 758160
19.200000000000003 0 1 56669.450240819082 54.489856000787576 34052 33259 738 35394080 34569360 767520
19.300000000000004 0 1 32394.990508331801 31.149029334934415 34303 33500 786 35655120 34820000 817440
19.400000000000006 0 1 6333.0120540763746 6.0894346673811333 34421 33635 786 35777840 34960400 817440
19.500000000000007 0 1 623.00160000201822 0.59904000000194058 34531 33745 786 35892240 35074800 817440
19.600000000000009 0 1 523.49440000170773 0.50336000000164205 34614 33828 786 35978560 35161120 817440
19.70000000000001 0 1 1350.2417066802914 1.2983093333464339 34708 33922 786 36076320 35258880 817440
19.800000000000011 0 1 2949.6674129972184 2.8362186663434792 34816 34017 786 36188640 35357680 817440
19.900000000000013 0 1 1947.8950400450949 1.8729760000433604 34894 34096 786 36269760 35439840 817440
20.000000000000014 0 1 5410.9563736592963 5.2028426669800938 34995 34208 786 36374800 35556320 817440
20.100000000000016 0 1 5974.9969067224492 5.7451893333869712 35150 34364 786 36536000 35718560 817440
20.200000000000017 0 1 6665.3239467237618 6.4089653333882319 35342 34556 786 36735680 35918240 817440
20.300000000000018 0 1 2819.2486398436922 2.7108159998497041 35530 34738 786 36931200 36107520 817440
20.40000000000002 0 1 3893.759999934487 3.7439999999370066 35695 34900 786 37102800 36276000 817440
20.500000000000021 0 1 5905.8854400236605 5.6787360000227496 35872 35077 786 37286880 36460080 817440
20.600000000000023 0 1 7915.9308801077759 7.61147200010363 36067 35275 786 37489680 36666000 817440
20.700000000000024 0 1 8389.255680131253 8.0665920001262048 36277 35489 786 37708080 36888560 817440
20.800000000000026 0 1 8981.2403200790268 8.635808000075988 36512 35726 786 37952480 37135040 817440
20.900000000000027 0 1 8239.384746215288 7.9224853328993143 36764 35961 786 38214560 37379440 817440
21.000000000000028 0 1 17680.299520634111 17.000288000609672 37009 36201 786 38469360 37629040 817440
21.10000000000003 0 1 31567.161600450905 30.35304000043357 37266 36442 786 38736640 37879680 817440
21.200000000000031 0 1 47757.487787060483 45.920661333711962 37522 36682 786 39002880 38129280 817440
21.300000000000033 0 1 56648.145494731529 54.469370668011095 37778 36922 815 39269120 38378880 847600
21.400000000000034 0 1 22529.899948897215 21.663365335478073 38017 37163 847 39517680 38629520 880880
21.500000000000036 0 1 188.92501362315687 0.18165866694534313 38117 37269 847 39621680 38739760 880880
21.600000000000037 0 1 923.98037294956453 0.88844266629765811 38215 37358 847 39723600 38832320 880880
21.700000000000038 0 1 583.33184043383733 0.56089600041715126 38266 37419 847 39776640 38895760 880880
21.80000000000004 0 1 949.14560001615837 0.91264000001553691 38366 37519 847 39880640 38999760 880880
21.900000000000041 0 1 1143.0348800038482 1.0990720000037002 38485 37638 847 40004400 39123520 880880
22.000000000000043 0 1 4745.650346672679 4.5631253333391149 38622 37774 847 40146880 39264960 880880
22.100000000000044 0 1 2467.6787195637548 2.3727679995805335 38757 37899 847 40287280 39394960 880880
22.200000000000045 0 1 2887.2341336218442 2.7761866669440809 38883 38031 847 40418320 39532240 880880
22.300000000000047 0 1 2447.4833068395947 2.3533493334996103 39023 38174 847 40563920 39680960 880880
22.400000000000048 0 1 2968.6425600956318 2.8544640000919537 39173 38326 847 40719920 39839040 880880
22.50000000000005 0 1 6753.6768000377269 6.493920000036276 39378 38531 847 40933120 40052240 880880
22.600000000000051 0 1 5936.1314125828021 5.7078186659450028 39595 38731 847 41158800 40260240 880880
22.700000000000053 0 1 4991.4730669600431 4.799493333615426 39775 38917 847 41346000 40453680 880880
22.800000000000054 0 1 6540.7569068258354 6.2891893334863793 39975 39120 847 41554000 40664800 880880
22.900000000000055 0 1 7605.6836268258312 7.3131573334863758 40194 39342 847 41781760 40895680 880880
23.000000000000057 0 1 9381.6597336847208 9.0208266670045631 40431 39582 847 42028240 41145280 880880
23.100000000000058 0 1 7726.81173371163 7.4296266670304343 40684 39823 847 42291360 41395920 880880
23.20000000000006 0 1 22553.856000194344 21.686400000186882 40939 40063 847 42556560 41645520 880880
23.300000000000061 0 1 38715.289600147524 37.226240000141757 41194 40303 847 42821760 41895120 880880
23.400000000000063 0 1 53765.232213434312 51.697338666763613 41450 40544 847 43088000 42145760 880880
23.500000000000064 0 1 45542.881283174167 43.791232003052031 41702 40784 898 43350080 42395360 933920
23.600000000000065 0 1 11882.923521838115 11.425888001767442 41889 40985 904 43544560 42604400 940160
23.700000000000067 0 1 44.129280000196843 0.04243200000018927 41999 41095 904 43658960 42718800 940160
23.800000000000068 0 1 33.745920000120101 0.032448000000115482 42090 41186 904 43753600 42813440 940160
23.90000000000007 0 1 315.46666667373535 0.30333333334013013 42147 41243 904 43812880 42872720 940160
24.000000000000071 0 1 281.32693321155841 0.27050666654957539 42203 41297 904 43871120 42928880 940160
24.100000000000072 0 1 443.60021346857872 0.42653866679671032 42267 41363 904 43937680 42997520 940160
24.200000000000074 0 1 171.32544000093372 0.16473600000089783 42303 41399 904 43975120 43034960 940160
24.300000000000075 0 1 112.48640000057276 0.10816000000055072 42319 41415 904 43991760 43051600 940160
24.400000000000077 0 1 10.383360000076744 0.0099840000000737915 42322 41418 904 43994880 43054720 940160
24.500000000000078 0 1 0.0 0.0 42322 41418 904 43994880 43054720 940160
24.60000000000008 0 1 0.0 0.0 42322 41418 904 43994880 43054720 940160
24.700000000000081 0 1 0.0 0.0 42322 41418 904 43994880 43054720 940160
24.800000000000082 0 1 0.0 0.0 42322 41418 904 43994880 43054720 940160
24.900000000000084 0 1 0.0 0.0 42322 41418 904 43994880 43054720 940160
